#
# There is insufficient memory for the Java Runtime Environment to continue.
# Native memory allocation (malloc) failed to allocate 1761424 bytes for Chunk::new
# Possible reasons:
#   The system is out of physical RAM or swap space
#   The process is running with CompressedOops enabled, and the Java Heap may be blocking the growth of the native heap
# Possible solutions:
#   Reduce memory load on the system
#   Increase physical memory or swap space
#   Check if swap backing store is full
#   Decrease Java heap size (-Xmx/-Xms)
#   Decrease number of Java threads
#   Decrease Java thread stack sizes (-Xss)
#   Set larger code cache with -XX:ReservedCodeCacheSize=
#   JVM is running with Unscaled Compressed Oops mode in which the Java heap is
#     placed in the first 4GB address space. The Java Heap base address is the
#     maximum limit for the native heap growth. Please use -XX:HeapBaseMinAddress
#     to set the Java Heap base and to place the Java Heap above 4GB virtual address.
# This output file may be truncated or incomplete.
#
#  Out of Memory Error (arena.cpp:189), pid=10808, tid=11160
#
# JRE version: OpenJDK Runtime Environment (17.0.6) (build 17.0.6+0-b2043.56-10027231)
# Java VM: OpenJDK 64-Bit Server VM (17.0.6+0-b2043.56-10027231, mixed mode, tiered, compressed oops, compressed class ptrs, g1 gc, windows-amd64)
# No core dump will be written. Minidumps are not enabled by default on client versions of Windows
#

---------------  S U M M A R Y ------------

Command Line: --add-opens=java.base/java.util=ALL-UNNAMED --add-opens=java.base/java.lang=ALL-UNNAMED --add-opens=java.base/java.lang.invoke=ALL-UNNAMED --add-opens=java.prefs/java.util.prefs=ALL-UNNAMED --add-opens=java.base/java.nio.charset=ALL-UNNAMED --add-opens=java.base/java.net=ALL-UNNAMED --add-opens=java.base/java.util.concurrent.atomic=ALL-UNNAMED -Xmx2048m -Dfile.encoding=UTF-8 -Duser.country=ES -Duser.language=es -Duser.variant org.gradle.launcher.daemon.bootstrap.GradleDaemon 8.0

Host: AMD Ryzen 7 5800H with Radeon Graphics         , 16 cores, 15G,  Windows 11 , 64 bit Build 22621 (10.0.22621.2506)
Time: Thu Nov 16 06:37:33 2023 Hora estándar romance elapsed time: 2.767402 seconds (0d 0h 0m 2s)

---------------  T H R E A D  ---------------

Current thread (0x00000298138a3dc0):  JavaThread "C2 CompilerThread0" daemon [_thread_in_native, id=11160, stack(0x000000cab4b00000,0x000000cab4c00000)]


Current CompileTask:
C2:   2767 3281       4       jdk.internal.loader.URLClassPath::getResource (74 bytes)

Stack: [0x000000cab4b00000,0x000000cab4c00000]
Native frames: (J=compiled Java code, j=interpreted, Vv=VM code, C=native code)
V  [jvm.dll+0x683c9a]
V  [jvm.dll+0x8427a4]
V  [jvm.dll+0x843f9e]
V  [jvm.dll+0x844603]
V  [jvm.dll+0x249b75]
V  [jvm.dll+0xabcac]
V  [jvm.dll+0xac27c]
V  [jvm.dll+0x368857]
V  [jvm.dll+0x1bced2]
V  [jvm.dll+0x21c359]
V  [jvm.dll+0x21b621]
V  [jvm.dll+0x1a4fdd]
V  [jvm.dll+0x22b098]
V  [jvm.dll+0x229159]
V  [jvm.dll+0x7f81ec]
V  [jvm.dll+0x7f274a]
V  [jvm.dll+0x682ad5]
C  [ucrtbase.dll+0x29363]
C  [KERNEL32.DLL+0x1257d]
C  [ntdll.dll+0x5aa58]


---------------  P R O C E S S  ---------------

Threads class SMR info:
_java_thread_list=0x0000029818f87890, length=41, elements={
0x0000029878589ce0, 0x0000029813861690, 0x0000029813862500, 0x000002981388b7b0,
0x000002981389fcb0, 0x00000298138a2680, 0x00000298138a3030, 0x00000298138a3dc0,
0x00000298138afd70, 0x00000298138bb340, 0x0000029813a00560, 0x0000029813a04a80,
0x0000029813a0dbd0, 0x0000029813a0e4a0, 0x0000029813b94c90, 0x0000029814330890,
0x00000298147e3490, 0x0000029816bf9040, 0x0000029814e5ab70, 0x0000029816031860,
0x0000029815367160, 0x0000029816625ea0, 0x0000029816fc8110, 0x00000298148b2040,
0x00000298166c0a90, 0x00000298150f4ad0, 0x00000298150f3c60, 0x00000298150f5e10,
0x00000298150f5470, 0x00000298150f6c80, 0x00000298150f67b0, 0x00000298150f4600,
0x00000298150f32c0, 0x00000298150f3790, 0x00000298150f4fa0, 0x00000298150f5940,
0x00000298150f4130, 0x00000298150f62e0, 0x00000298195976e0, 0x000002981959bf10,
0x0000029819599890
}

Java Threads: ( => current thread )
  0x0000029878589ce0 JavaThread "main" [_thread_blocked, id=18596, stack(0x000000cab3e00000,0x000000cab3f00000)]
  0x0000029813861690 JavaThread "Reference Handler" daemon [_thread_blocked, id=320, stack(0x000000cab4500000,0x000000cab4600000)]
  0x0000029813862500 JavaThread "Finalizer" daemon [_thread_blocked, id=17892, stack(0x000000cab4600000,0x000000cab4700000)]
  0x000002981388b7b0 JavaThread "Signal Dispatcher" daemon [_thread_blocked, id=18328, stack(0x000000cab4700000,0x000000cab4800000)]
  0x000002981389fcb0 JavaThread "Attach Listener" daemon [_thread_blocked, id=7772, stack(0x000000cab4800000,0x000000cab4900000)]
  0x00000298138a2680 JavaThread "Service Thread" daemon [_thread_blocked, id=16472, stack(0x000000cab4900000,0x000000cab4a00000)]
  0x00000298138a3030 JavaThread "Monitor Deflation Thread" daemon [_thread_blocked, id=18360, stack(0x000000cab4a00000,0x000000cab4b00000)]
=>0x00000298138a3dc0 JavaThread "C2 CompilerThread0" daemon [_thread_in_native, id=11160, stack(0x000000cab4b00000,0x000000cab4c00000)]
  0x00000298138afd70 JavaThread "C1 CompilerThread0" daemon [_thread_in_native, id=7480, stack(0x000000cab4c00000,0x000000cab4d00000)]
  0x00000298138bb340 JavaThread "Sweeper thread" daemon [_thread_blocked, id=5520, stack(0x000000cab4d00000,0x000000cab4e00000)]
  0x0000029813a00560 JavaThread "C1 CompilerThread1" daemon [_thread_in_vm, id=328, stack(0x000000cab4e00000,0x000000cab4f00000)]
  0x0000029813a04a80 JavaThread "C1 CompilerThread2" daemon [_thread_in_native, id=5240, stack(0x000000cab4f00000,0x000000cab5000000)]
  0x0000029813a0dbd0 JavaThread "Common-Cleaner" daemon [_thread_blocked, id=3136, stack(0x000000cab5000000,0x000000cab5100000)]
  0x0000029813a0e4a0 JavaThread "Notification Thread" daemon [_thread_blocked, id=16240, stack(0x000000cab5100000,0x000000cab5200000)]
  0x0000029813b94c90 JavaThread "C2 CompilerThread1" daemon [_thread_blocked, id=18956, stack(0x000000cab5300000,0x000000cab5400000)]
  0x0000029814330890 JavaThread "C2 CompilerThread2" daemon [_thread_in_native, id=3552, stack(0x000000cab5400000,0x000000cab5500000)]
  0x00000298147e3490 JavaThread "C1 CompilerThread3" daemon [_thread_in_native, id=1636, stack(0x000000cab5900000,0x000000cab5a00000)]
  0x0000029816bf9040 JavaThread "C2 CompilerThread3" daemon [_thread_in_native, id=19960, stack(0x000000cab5a00000,0x000000cab5b00000)]
  0x0000029814e5ab70 JavaThread "Daemon health stats" [_thread_blocked, id=3884, stack(0x000000cab5b00000,0x000000cab5c00000)]
  0x0000029816031860 JavaThread "Incoming local TCP Connector on port 57441" [_thread_in_native, id=10156, stack(0x000000cab5c00000,0x000000cab5d00000)]
  0x0000029815367160 JavaThread "Daemon periodic checks" [_thread_blocked, id=19740, stack(0x000000cab5d00000,0x000000cab5e00000)]
  0x0000029816625ea0 JavaThread "Daemon" [_thread_blocked, id=4088, stack(0x000000cab5e00000,0x000000cab5f00000)]
  0x0000029816fc8110 JavaThread "Handler for socket connection from /127.0.0.1:57441 to /127.0.0.1:57442" [_thread_in_native, id=19848, stack(0x000000cab5f00000,0x000000cab6000000)]
  0x00000298148b2040 JavaThread "Cancel handler" [_thread_blocked, id=20136, stack(0x000000cab6000000,0x000000cab6100000)]
  0x00000298166c0a90 JavaThread "Daemon worker" [_thread_in_Java, id=16464, stack(0x000000cab6100000,0x000000cab6200000)]
  0x00000298150f4ad0 JavaThread "Asynchronous log dispatcher for DefaultDaemonConnection: socket connection from /127.0.0.1:57441 to /127.0.0.1:57442" [_thread_blocked, id=7540, stack(0x000000cab6200000,0x000000cab6300000)]
  0x00000298150f3c60 JavaThread "Stdin handler" [_thread_blocked, id=18392, stack(0x000000cab6300000,0x000000cab6400000)]
  0x00000298150f5e10 JavaThread "Daemon client event forwarder" [_thread_blocked, id=19852, stack(0x000000cab6400000,0x000000cab6500000)]
  0x00000298150f5470 JavaThread "Cache worker for journal cache (C:\Users\adrsa\.gradle\caches\journal-1)" [_thread_blocked, id=16680, stack(0x000000cab6f00000,0x000000cab7000000)]
  0x00000298150f6c80 JavaThread "File lock request listener" [_thread_in_native, id=13328, stack(0x000000cab7000000,0x000000cab7100000)]
  0x00000298150f67b0 JavaThread "Cache worker for file hash cache (C:\Users\adrsa\.gradle\caches\8.0\fileHashes)" [_thread_blocked, id=8668, stack(0x000000cab7100000,0x000000cab7200000)]
  0x00000298150f4600 JavaThread "File watcher server" daemon [_thread_in_native, id=8584, stack(0x000000cab7200000,0x000000cab7300000)]
  0x00000298150f32c0 JavaThread "File watcher consumer" daemon [_thread_blocked, id=20240, stack(0x000000cab7300000,0x000000cab7400000)]
  0x00000298150f3790 JavaThread "Cache worker for checksums cache (E:\Android\AndroidStudioProyects\Actividad06PMDM\.gradle\8.0\checksums)" [_thread_blocked, id=10356, stack(0x000000cab7400000,0x000000cab7500000)]
  0x00000298150f4fa0 JavaThread "Cache worker for cache directory md-rule (C:\Users\adrsa\.gradle\caches\8.0\md-rule)" [_thread_blocked, id=15732, stack(0x000000cab7500000,0x000000cab7600000)]
  0x00000298150f5940 JavaThread "Cache worker for file content cache (C:\Users\adrsa\.gradle\caches\8.0\fileContent)" [_thread_blocked, id=12148, stack(0x000000cab7600000,0x000000cab7700000)]
  0x00000298150f4130 JavaThread "Cache worker for file hash cache (E:\Android\AndroidStudioProyects\Actividad06PMDM\.gradle\8.0\fileHashes)" [_thread_blocked, id=8444, stack(0x000000cab7700000,0x000000cab7800000)]
  0x00000298150f62e0 JavaThread "Cache worker for cache directory md-supplier (C:\Users\adrsa\.gradle\caches\8.0\md-supplier)" [_thread_blocked, id=7948, stack(0x000000cab7800000,0x000000cab7900000)]
  0x00000298195976e0 JavaThread "Cache worker for execution history cache (C:\Users\adrsa\.gradle\caches\8.0\executionHistory)" [_thread_blocked, id=1028, stack(0x000000cab7900000,0x000000cab7a00000)]
  0x000002981959bf10 JavaThread "jar transforms" [_thread_blocked, id=2108, stack(0x000000cab7a00000,0x000000cab7b00000)]
  0x0000029819599890 JavaThread "jar transforms Thread 2" [_thread_blocked, id=11396, stack(0x000000cab7b00000,0x000000cab7c00000)]

Other Threads:
  0x000002981384be20 VMThread "VM Thread" [stack: 0x000000cab4400000,0x000000cab4500000] [id=12060]
  0x000002987861dc80 WatcherThread [stack: 0x000000cab5200000,0x000000cab5300000] [id=12492]
  0x00000298785e5b50 GCTaskThread "GC Thread#0" [stack: 0x000000cab3f00000,0x000000cab4000000] [id=17316]
  0x000002981498d4b0 GCTaskThread "GC Thread#1" [stack: 0x000000cab5500000,0x000000cab5600000] [id=5232]
  0x0000029814574070 GCTaskThread "GC Thread#2" [stack: 0x000000cab5600000,0x000000cab5700000] [id=5356]
  0x0000029814574320 GCTaskThread "GC Thread#3" [stack: 0x000000cab5700000,0x000000cab5800000] [id=2192]
  0x00000298145745d0 GCTaskThread "GC Thread#4" [stack: 0x000000cab5800000,0x000000cab5900000] [id=15696]
  0x0000029814c34130 GCTaskThread "GC Thread#5" [stack: 0x000000cab6500000,0x000000cab6600000] [id=6148]
  0x0000029814c333c0 GCTaskThread "GC Thread#6" [stack: 0x000000cab6600000,0x000000cab6700000] [id=12656]
  0x0000029814c33920 GCTaskThread "GC Thread#7" [stack: 0x000000cab6700000,0x000000cab6800000] [id=17384]
  0x0000029814c32e60 GCTaskThread "GC Thread#8" [stack: 0x000000cab6800000,0x000000cab6900000] [id=9824]
  0x0000029814c343e0 GCTaskThread "GC Thread#9" [stack: 0x000000cab6900000,0x000000cab6a00000] [id=13060]
  0x0000029814c33bd0 GCTaskThread "GC Thread#10" [stack: 0x000000cab6a00000,0x000000cab6b00000] [id=11280]
  0x0000029814c34690 GCTaskThread "GC Thread#11" [stack: 0x000000cab6b00000,0x000000cab6c00000] [id=19684]
  0x0000029814c33e80 GCTaskThread "GC Thread#12" [stack: 0x000000cab6c00000,0x000000cab6d00000] [id=20060]
  0x00000298785f8ab0 ConcurrentGCThread "G1 Main Marker" [stack: 0x000000cab4000000,0x000000cab4100000] [id=4804]
  0x00000298785f9c60 ConcurrentGCThread "G1 Conc#0" [stack: 0x000000cab4100000,0x000000cab4200000] [id=3384]
  0x0000029814c34940 ConcurrentGCThread "G1 Conc#1" [stack: 0x000000cab6d00000,0x000000cab6e00000] [id=2260]
  0x0000029814c33110 ConcurrentGCThread "G1 Conc#2" [stack: 0x000000cab6e00000,0x000000cab6f00000] [id=18888]
  0x000002987fdfe5d0 ConcurrentGCThread "G1 Refine#0" [stack: 0x000000cab4200000,0x000000cab4300000] [id=7660]
  0x000002987864e5e0 ConcurrentGCThread "G1 Service" [stack: 0x000000cab4300000,0x000000cab4400000] [id=19696]

Threads with active compile tasks:
C2 CompilerThread0     2781 3281       4       jdk.internal.loader.URLClassPath::getResource (74 bytes)
C1 CompilerThread0     2781 3615       3       jdk.nio.zipfs.ZipFileSystem::beginRead (15 bytes)
C1 CompilerThread1     2781 3612       3       java.util.concurrent.locks.AbstractQueuedSynchronizer::releaseShared (19 bytes)
C1 CompilerThread2     2781 3609       3       java.util.regex.Pattern::split (288 bytes)
C2 CompilerThread1     2781 3611       4       java.util.regex.Pattern$Start::match (90 bytes)
C2 CompilerThread2     2782 3576       4       java.util.regex.Matcher::search (154 bytes)
C1 CompilerThread3     2782 3618       3       java.util.concurrent.locks.ReentrantReadWriteLock$Sync::tryAcquireShared (177 bytes)
C2 CompilerThread3     2782 3521       4       jdk.internal.org.objectweb.asm.SymbolTable::addType (81 bytes)

VM state: not at safepoint (normal execution)

VM Mutex/Monitor currently owned by a thread: None

Heap address: 0x0000000080000000, size: 2048 MB, Compressed Oops mode: 32-bit

CDS archive(s) not mapped
Compressed class space mapped at: 0x0000000100000000-0x0000000140000000, reserved size: 1073741824
Narrow klass base: 0x0000000000000000, Narrow klass shift: 3, Narrow klass range: 0x140000000

GC Precious Log:
 CPUs: 16 total, 16 available
 Memory: 15713M
 Large Page Support: Disabled
 NUMA Support: Disabled
 Compressed Oops: Enabled (32-bit)
 Heap Region Size: 1M
 Heap Min Capacity: 8M
 Heap Initial Capacity: 246M
 Heap Max Capacity: 2G
 Pre-touch: Disabled
 Parallel Workers: 13
 Concurrent Workers: 3
 Concurrent Refinement Workers: 13
 Periodic GC: Disabled

Heap:
 garbage-first heap   total 65536K, used 36732K [0x0000000080000000, 0x0000000100000000)
  region size 1024K, 17 young (17408K), 3 survivors (3072K)
 Metaspace       used 40373K, committed 40704K, reserved 1089536K
  class space    used 5346K, committed 5504K, reserved 1048576K

Heap Regions: E=young(eden), S=young(survivor), O=old, HS=humongous(starts), HC=humongous(continues), CS=collection set, F=free, OA=open archive, CA=closed archive, TAMS=top-at-mark-start (previous, next)
|   0|0x0000000080000000, 0x0000000080100000, 0x0000000080100000|100%|HS|  |TAMS 0x0000000080100000, 0x0000000080000000| Complete 
|   1|0x0000000080100000, 0x0000000080200000, 0x0000000080200000|100%|HC|  |TAMS 0x0000000080200000, 0x0000000080100000| Complete 
|   2|0x0000000080200000, 0x0000000080300000, 0x0000000080300000|100%|HC|  |TAMS 0x0000000080300000, 0x0000000080200000| Complete 
|   3|0x0000000080300000, 0x0000000080400000, 0x0000000080400000|100%|HC|  |TAMS 0x0000000080400000, 0x0000000080300000| Complete 
|   4|0x0000000080400000, 0x0000000080500000, 0x0000000080500000|100%| O|  |TAMS 0x0000000080500000, 0x0000000080400000| Untracked 
|   5|0x0000000080500000, 0x0000000080600000, 0x0000000080600000|100%| O|  |TAMS 0x0000000080600000, 0x0000000080500000| Untracked 
|   6|0x0000000080600000, 0x0000000080700000, 0x0000000080700000|100%| O|  |TAMS 0x0000000080700000, 0x0000000080600000| Untracked 
|   7|0x0000000080700000, 0x0000000080800000, 0x0000000080800000|100%| O|  |TAMS 0x0000000080800000, 0x0000000080700000| Untracked 
|   8|0x0000000080800000, 0x0000000080900000, 0x0000000080900000|100%| O|  |TAMS 0x0000000080900000, 0x0000000080800000| Untracked 
|   9|0x0000000080900000, 0x0000000080a00000, 0x0000000080a00000|100%| O|  |TAMS 0x0000000080a00000, 0x0000000080900000| Untracked 
|  10|0x0000000080a00000, 0x0000000080ae3e00, 0x0000000080b00000| 89%| O|  |TAMS 0x0000000080ae3e00, 0x0000000080a00000| Untracked 
|  11|0x0000000080b00000, 0x0000000080c00000, 0x0000000080c00000|100%| O|  |TAMS 0x0000000080c00000, 0x0000000080b00000| Untracked 
|  12|0x0000000080c00000, 0x0000000080d00000, 0x0000000080d00000|100%| O|  |TAMS 0x0000000080d00000, 0x0000000080c00000| Untracked 
|  13|0x0000000080d00000, 0x0000000080e00000, 0x0000000080e00000|100%| O|  |TAMS 0x0000000080e00000, 0x0000000080d00000| Untracked 
|  14|0x0000000080e00000, 0x0000000080f00000, 0x0000000080f00000|100%| O|  |TAMS 0x0000000080f00000, 0x0000000080e00000| Untracked 
|  15|0x0000000080f00000, 0x0000000081000000, 0x0000000081000000|100%| O|  |TAMS 0x0000000081000000, 0x0000000080f00000| Untracked 
|  16|0x0000000081000000, 0x0000000081100000, 0x0000000081100000|100%| O|  |TAMS 0x0000000081100000, 0x0000000081000000| Untracked 
|  17|0x0000000081100000, 0x0000000081200000, 0x0000000081200000|100%| O|  |TAMS 0x0000000081200000, 0x0000000081100000| Untracked 
|  18|0x0000000081200000, 0x0000000081300000, 0x0000000081300000|100%| O|  |TAMS 0x0000000081300000, 0x0000000081200000| Untracked 
|  19|0x0000000081300000, 0x0000000081400000, 0x0000000081400000|100%| O|  |TAMS 0x00000000813dbc00, 0x0000000081300000| Untracked 
|  20|0x0000000081400000, 0x0000000081500000, 0x0000000081500000|100%| O|  |TAMS 0x0000000081400000, 0x0000000081400000| Untracked 
|  21|0x0000000081500000, 0x000000008153aa00, 0x0000000081600000| 22%| O|  |TAMS 0x0000000081500000, 0x0000000081500000| Untracked 
|  22|0x0000000081600000, 0x0000000081600000, 0x0000000081700000|  0%| F|  |TAMS 0x0000000081600000, 0x0000000081600000| Untracked 
|  23|0x0000000081700000, 0x0000000081700000, 0x0000000081800000|  0%| F|  |TAMS 0x0000000081700000, 0x0000000081700000| Untracked 
|  24|0x0000000081800000, 0x0000000081800000, 0x0000000081900000|  0%| F|  |TAMS 0x0000000081800000, 0x0000000081800000| Untracked 
|  25|0x0000000081900000, 0x0000000081900000, 0x0000000081a00000|  0%| F|  |TAMS 0x0000000081900000, 0x0000000081900000| Untracked 
|  26|0x0000000081a00000, 0x0000000081a00000, 0x0000000081b00000|  0%| F|  |TAMS 0x0000000081a00000, 0x0000000081a00000| Untracked 
|  27|0x0000000081b00000, 0x0000000081b00000, 0x0000000081c00000|  0%| F|  |TAMS 0x0000000081b00000, 0x0000000081b00000| Untracked 
|  28|0x0000000081c00000, 0x0000000081c00000, 0x0000000081d00000|  0%| F|  |TAMS 0x0000000081c00000, 0x0000000081c00000| Untracked 
|  29|0x0000000081d00000, 0x0000000081d00000, 0x0000000081e00000|  0%| F|  |TAMS 0x0000000081d00000, 0x0000000081d00000| Untracked 
|  30|0x0000000081e00000, 0x0000000081e00000, 0x0000000081f00000|  0%| F|  |TAMS 0x0000000081e00000, 0x0000000081e00000| Untracked 
|  31|0x0000000081f00000, 0x0000000081f00000, 0x0000000082000000|  0%| F|  |TAMS 0x0000000081f00000, 0x0000000081f00000| Untracked 
|  32|0x0000000082000000, 0x0000000082000000, 0x0000000082100000|  0%| F|  |TAMS 0x0000000082000000, 0x0000000082000000| Untracked 
|  33|0x0000000082100000, 0x0000000082100000, 0x0000000082200000|  0%| F|  |TAMS 0x0000000082100000, 0x0000000082100000| Untracked 
|  34|0x0000000082200000, 0x0000000082200000, 0x0000000082300000|  0%| F|  |TAMS 0x0000000082200000, 0x0000000082200000| Untracked 
|  35|0x0000000082300000, 0x0000000082300000, 0x0000000082400000|  0%| F|  |TAMS 0x0000000082300000, 0x0000000082300000| Untracked 
|  36|0x0000000082400000, 0x0000000082400000, 0x0000000082500000|  0%| F|  |TAMS 0x0000000082400000, 0x0000000082400000| Untracked 
|  37|0x0000000082500000, 0x0000000082500000, 0x0000000082600000|  0%| F|  |TAMS 0x0000000082500000, 0x0000000082500000| Untracked 
|  38|0x0000000082600000, 0x0000000082600000, 0x0000000082700000|  0%| F|  |TAMS 0x0000000082600000, 0x0000000082600000| Untracked 
|  39|0x0000000082700000, 0x0000000082700000, 0x0000000082800000|  0%| F|  |TAMS 0x0000000082700000, 0x0000000082700000| Untracked 
|  40|0x0000000082800000, 0x0000000082800000, 0x0000000082900000|  0%| F|  |TAMS 0x0000000082800000, 0x0000000082800000| Untracked 
|  41|0x0000000082900000, 0x0000000082900000, 0x0000000082a00000|  0%| F|  |TAMS 0x0000000082900000, 0x0000000082900000| Untracked 
|  42|0x0000000082a00000, 0x0000000082a00000, 0x0000000082b00000|  0%| F|  |TAMS 0x0000000082a00000, 0x0000000082a00000| Untracked 
|  43|0x0000000082b00000, 0x0000000082b00000, 0x0000000082c00000|  0%| F|  |TAMS 0x0000000082b00000, 0x0000000082b00000| Untracked 
|  44|0x0000000082c00000, 0x0000000082c00000, 0x0000000082d00000|  0%| F|  |TAMS 0x0000000082c00000, 0x0000000082c00000| Untracked 
|  45|0x0000000082d00000, 0x0000000082d00000, 0x0000000082e00000|  0%| F|  |TAMS 0x0000000082d00000, 0x0000000082d00000| Untracked 
|  46|0x0000000082e00000, 0x0000000082e00800, 0x0000000082f00000|  0%| E|  |TAMS 0x0000000082e00000, 0x0000000082e00000| Complete 
|  47|0x0000000082f00000, 0x0000000083000000, 0x0000000083000000|100%| E|CS|TAMS 0x0000000082f00000, 0x0000000082f00000| Complete 
|  48|0x0000000083000000, 0x0000000083100000, 0x0000000083100000|100%| E|CS|TAMS 0x0000000083000000, 0x0000000083000000| Complete 
|  49|0x0000000083100000, 0x0000000083200000, 0x0000000083200000|100%| E|CS|TAMS 0x0000000083100000, 0x0000000083100000| Complete 
|  50|0x0000000083200000, 0x0000000083300000, 0x0000000083300000|100%| E|CS|TAMS 0x0000000083200000, 0x0000000083200000| Complete 
|  51|0x0000000083300000, 0x00000000833c0a38, 0x0000000083400000| 75%| S|CS|TAMS 0x0000000083300000, 0x0000000083300000| Complete 
|  52|0x0000000083400000, 0x0000000083500000, 0x0000000083500000|100%| S|CS|TAMS 0x0000000083400000, 0x0000000083400000| Complete 
|  53|0x0000000083500000, 0x0000000083600000, 0x0000000083600000|100%| S|CS|TAMS 0x0000000083500000, 0x0000000083500000| Complete 
|  54|0x0000000083600000, 0x0000000083700000, 0x0000000083700000|100%| E|  |TAMS 0x0000000083600000, 0x0000000083600000| Complete 
| 194|0x000000008c200000, 0x000000008c300000, 0x000000008c300000|100%| E|CS|TAMS 0x000000008c200000, 0x000000008c200000| Complete 
| 195|0x000000008c300000, 0x000000008c400000, 0x000000008c400000|100%| E|CS|TAMS 0x000000008c300000, 0x000000008c300000| Complete 
| 196|0x000000008c400000, 0x000000008c500000, 0x000000008c500000|100%| E|CS|TAMS 0x000000008c400000, 0x000000008c400000| Complete 
| 197|0x000000008c500000, 0x000000008c600000, 0x000000008c600000|100%| E|CS|TAMS 0x000000008c500000, 0x000000008c500000| Complete 
| 198|0x000000008c600000, 0x000000008c700000, 0x000000008c700000|100%| E|CS|TAMS 0x000000008c600000, 0x000000008c600000| Complete 
| 199|0x000000008c700000, 0x000000008c800000, 0x000000008c800000|100%| E|CS|TAMS 0x000000008c700000, 0x000000008c700000| Complete 
| 200|0x000000008c800000, 0x000000008c900000, 0x000000008c900000|100%| E|CS|TAMS 0x000000008c800000, 0x000000008c800000| Complete 
| 201|0x000000008c900000, 0x000000008ca00000, 0x000000008ca00000|100%| E|CS|TAMS 0x000000008c900000, 0x000000008c900000| Complete 
| 245|0x000000008f500000, 0x000000008f600000, 0x000000008f600000|100%| E|CS|TAMS 0x000000008f500000, 0x000000008f500000| Complete 

Card table byte_map: [0x000002987c6d0000,0x000002987cad0000] _byte_map_base: 0x000002987c2d0000

Marking Bits (Prev, Next): (CMBitMap*) 0x00000298785e6160, (CMBitMap*) 0x00000298785e61a0
 Prev Bits: [0x000002987ced0000, 0x000002987eed0000)
 Next Bits: [0x000002980f000000, 0x0000029811000000)

Polling page: 0x0000029877d50000

Metaspace:

Usage:
  Non-class:     34.22 MB used.
      Class:      5.22 MB used.
       Both:     39.44 MB used.

Virtual space:
  Non-class space:       40.00 MB reserved,      34.38 MB ( 86%) committed,  5 nodes.
      Class space:        1.00 GB reserved,       5.38 MB ( <1%) committed,  1 nodes.
             Both:        1.04 GB reserved,      39.75 MB (  4%) committed. 

Chunk freelists:
   Non-Class:  838.00 KB
       Class:  2.53 MB
        Both:  3.35 MB

MaxMetaspaceSize: unlimited
CompressedClassSpaceSize: 1.00 GB
Initial GC threshold: 21.00 MB
Current GC threshold: 59.00 MB
CDS: off
MetaspaceReclaimPolicy: balanced
 - commit_granule_bytes: 65536.
 - commit_granule_words: 8192.
 - virtual_space_node_default_size: 1048576.
 - enlarge_chunks_in_place: 1.
 - new_chunks_are_fully_committed: 0.
 - uncommit_free_chunks: 1.
 - use_allocation_guard: 0.
 - handle_deallocations: 1.


Internal statistics:

num_allocs_failed_limit: 6.
num_arena_births: 302.
num_arena_deaths: 0.
num_vsnodes_births: 6.
num_vsnodes_deaths: 0.
num_space_committed: 636.
num_space_uncommitted: 0.
num_chunks_returned_to_freelist: 6.
num_chunks_taken_from_freelist: 1425.
num_chunk_merges: 6.
num_chunk_splits: 940.
num_chunks_enlarged: 667.
num_purges: 0.
num_inconsistent_stats: 0.

CodeHeap 'non-profiled nmethods': size=119168Kb used=1944Kb max_used=1944Kb free=117223Kb
 bounds [0x0000029807ba0000, 0x0000029807e10000, 0x000002980f000000]
CodeHeap 'profiled nmethods': size=119104Kb used=7610Kb max_used=7610Kb free=111493Kb
 bounds [0x0000029800000000, 0x0000029800770000, 0x0000029807450000]
CodeHeap 'non-nmethods': size=7488Kb used=3274Kb max_used=3303Kb free=4213Kb
 bounds [0x0000029807450000, 0x0000029807790000, 0x0000029807ba0000]
 total_blobs=4279 nmethods=3629 adapters=559
 compilation: enabled
              stopped_count=0, restarted_count=0
 full_count=0

Compilation events (20 events):
Event: 2.761 Thread 0x0000029813a00560 nmethod 3498 0x0000029800736a90 code [0x0000029800736c20, 0x0000029800736d68]
Event: 2.761 Thread 0x0000029816bf9040 3499       4       jdk.nio.zipfs.ZipFileSystem::getParentOff (40 bytes)
Event: 2.761 Thread 0x0000029814330890 nmethod 3487 0x0000029807d7ec90 code [0x0000029807d7ee20, 0x0000029807d7f078]
Event: 2.761 Thread 0x0000029814330890 3500       4       jdk.nio.zipfs.ZipFileSystem$ParentLookup::name (43 bytes)
Event: 2.762 Thread 0x00000298147e3490 nmethod 3495 0x0000029800736e10 code [0x00000298007370c0, 0x0000029800737f18]
Event: 2.763 Thread 0x0000029816bf9040 nmethod 3499 0x0000029807d7f210 code [0x0000029807d7f3a0, 0x0000029807d7f558]
Event: 2.763 Thread 0x0000029816bf9040 3505       4       jdk.internal.util.ArraysSupport::mismatch (103 bytes)
Event: 2.763 Thread 0x0000029813a04a80 3506       3       java.nio.file.Files::readAttributes (11 bytes)
Event: 2.764 Thread 0x0000029813a04a80 nmethod 3506 0x0000029800738490 code [0x0000029800738660, 0x0000029800738a08]
Event: 2.764 Thread 0x0000029813a04a80 3507       3       java.nio.MappedByteBuffer::position (8 bytes)
Event: 2.764 Thread 0x0000029814330890 nmethod 3500 0x0000029807d7f690 code [0x0000029807d7f800, 0x0000029807d7fa98]
Event: 2.764 Thread 0x0000029814330890 3502       4       java.util.Arrays::rangeCheck (74 bytes)
Event: 2.764 Thread 0x0000029813a04a80 nmethod 3507 0x0000029800738b90 code [0x0000029800738d40, 0x0000029800738ee8]
Event: 2.764 Thread 0x0000029814330890 nmethod 3502 0x0000029807d7fb90 code [0x0000029807d7fd00, 0x0000029807d7fdb8]
Event: 2.764 Thread 0x0000029814330890 3503       4       jdk.nio.zipfs.ZipFileSystem$ParentLookup::equals (34 bytes)
Event: 2.765 Thread 0x0000029816bf9040 nmethod 3505 0x0000029807d7fe90 code [0x0000029807d80020, 0x0000029807d802b8]
Event: 2.765 Thread 0x0000029816bf9040 3504       4       java.util.Arrays::equals (56 bytes)
Event: 2.766 Thread 0x0000029813a04a80 3508       3       java.util.Arrays$ArrayItr::hasNext (18 bytes)
Event: 2.766 Thread 0x0000029813a00560 3509       3       java.util.Arrays$ArrayItr::next (36 bytes)
Event: 2.766 Thread 0x0000029813a04a80 nmethod 3508 0x0000029800738f90 code [0x0000029800739120, 0x0000029800739298]

GC Heap History (14 events):
Event: 0.538 GC heap before
{Heap before GC invocations=0 (full 0):
 garbage-first heap   total 251904K, used 26624K [0x0000000080000000, 0x0000000100000000)
  region size 1024K, 23 young (23552K), 0 survivors (0K)
 Metaspace       used 10294K, committed 10496K, reserved 1064960K
  class space    used 1061K, committed 1152K, reserved 1048576K
}
Event: 0.541 GC heap after
{Heap after GC invocations=1 (full 0):
 garbage-first heap   total 251904K, used 10348K [0x0000000080000000, 0x0000000100000000)
  region size 1024K, 3 young (3072K), 3 survivors (3072K)
 Metaspace       used 10294K, committed 10496K, reserved 1064960K
  class space    used 1061K, committed 1152K, reserved 1048576K
}
Event: 0.858 GC heap before
{Heap before GC invocations=1 (full 0):
 garbage-first heap   total 251904K, used 41068K [0x0000000080000000, 0x0000000100000000)
  region size 1024K, 32 young (32768K), 3 survivors (3072K)
 Metaspace       used 11277K, committed 11520K, reserved 1064960K
  class space    used 1165K, committed 1280K, reserved 1048576K
}
Event: 0.861 GC heap after
{Heap after GC invocations=2 (full 0):
 garbage-first heap   total 251904K, used 13770K [0x0000000080000000, 0x0000000100000000)
  region size 1024K, 4 young (4096K), 4 survivors (4096K)
 Metaspace       used 11277K, committed 11520K, reserved 1064960K
  class space    used 1165K, committed 1280K, reserved 1048576K
}
Event: 1.542 GC heap before
{Heap before GC invocations=2 (full 0):
 garbage-first heap   total 251904K, used 53706K [0x0000000080000000, 0x0000000100000000)
  region size 1024K, 44 young (45056K), 4 survivors (4096K)
 Metaspace       used 21275K, committed 21504K, reserved 1073152K
  class space    used 2569K, committed 2688K, reserved 1048576K
}
Event: 1.546 GC heap after
{Heap after GC invocations=3 (full 0):
 garbage-first heap   total 251904K, used 18237K [0x0000000080000000, 0x0000000100000000)
  region size 1024K, 8 young (8192K), 8 survivors (8192K)
 Metaspace       used 21275K, committed 21504K, reserved 1073152K
  class space    used 2569K, committed 2688K, reserved 1048576K
}
Event: 1.890 GC heap before
{Heap before GC invocations=4 (full 0):
 garbage-first heap   total 65536K, used 48957K [0x0000000080000000, 0x0000000100000000)
  region size 1024K, 38 young (38912K), 8 survivors (8192K)
 Metaspace       used 26026K, committed 26304K, reserved 1073152K
  class space    used 3388K, committed 3520K, reserved 1048576K
}
Event: 1.893 GC heap after
{Heap after GC invocations=5 (full 0):
 garbage-first heap   total 65536K, used 20642K [0x0000000080000000, 0x0000000100000000)
  region size 1024K, 3 young (3072K), 3 survivors (3072K)
 Metaspace       used 26026K, committed 26304K, reserved 1073152K
  class space    used 3388K, committed 3520K, reserved 1048576K
}
Event: 2.167 GC heap before
{Heap before GC invocations=5 (full 0):
 garbage-first heap   total 65536K, used 45218K [0x0000000080000000, 0x0000000100000000)
  region size 1024K, 27 young (27648K), 3 survivors (3072K)
 Metaspace       used 29812K, committed 30144K, reserved 1081344K
  class space    used 4017K, committed 4160K, reserved 1048576K
}
Event: 2.169 GC heap after
{Heap after GC invocations=6 (full 0):
 garbage-first heap   total 65536K, used 21735K [0x0000000080000000, 0x0000000100000000)
  region size 1024K, 4 young (4096K), 4 survivors (4096K)
 Metaspace       used 29812K, committed 30144K, reserved 1081344K
  class space    used 4017K, committed 4160K, reserved 1048576K
}
Event: 2.455 GC heap before
{Heap before GC invocations=6 (full 0):
 garbage-first heap   total 65536K, used 47335K [0x0000000080000000, 0x0000000100000000)
  region size 1024K, 29 young (29696K), 4 survivors (4096K)
 Metaspace       used 33902K, committed 34240K, reserved 1081344K
  class space    used 4653K, committed 4800K, reserved 1048576K
}
Event: 2.457 GC heap after
{Heap after GC invocations=7 (full 0):
 garbage-first heap   total 65536K, used 23042K [0x0000000080000000, 0x0000000100000000)
  region size 1024K, 3 young (3072K), 3 survivors (3072K)
 Metaspace       used 33902K, committed 34240K, reserved 1081344K
  class space    used 4653K, committed 4800K, reserved 1048576K
}
Event: 2.572 GC heap before
{Heap before GC invocations=7 (full 0):
 garbage-first heap   total 65536K, used 31234K [0x0000000080000000, 0x0000000100000000)
  region size 1024K, 13 young (13312K), 3 survivors (3072K)
 Metaspace       used 35635K, committed 35968K, reserved 1081344K
  class space    used 4879K, committed 5056K, reserved 1048576K
}
Event: 2.574 GC heap after
{Heap after GC invocations=8 (full 0):
 garbage-first heap   total 65536K, used 24444K [0x0000000080000000, 0x0000000100000000)
  region size 1024K, 3 young (3072K), 3 survivors (3072K)
 Metaspace       used 35635K, committed 35968K, reserved 1081344K
  class space    used 4879K, committed 5056K, reserved 1048576K
}

Dll operation events (2 events):
Event: 0.004 Loaded shared library E:\Android\Android_Studio\jbr\bin\java.dll
Event: 0.341 Loaded shared library E:\Android\Android_Studio\jbr\bin\verify.dll

Deoptimization events (20 events):
Event: 2.514 Thread 0x00000298166c0a90 DEOPT PACKING pc=0x0000029807d44fb8 sp=0x000000cab61f7c30
Event: 2.514 Thread 0x00000298166c0a90 DEOPT UNPACKING pc=0x00000298074a69a3 sp=0x000000cab61f7be8 mode 2
Event: 2.514 Thread 0x00000298166c0a90 Uncommon trap: trap_request=0xffffffc6 fr.pc=0x0000029807d44fb8 relative=0x0000000000000898
Event: 2.514 Thread 0x00000298166c0a90 Uncommon trap: reason=bimorphic_or_optimized_type_check action=maybe_recompile pc=0x0000029807d44fb8 method=java.io.BufferedInputStream.read([BII)I @ 101 c2
Event: 2.514 Thread 0x00000298166c0a90 DEOPT PACKING pc=0x0000029807d44fb8 sp=0x000000cab61f7c30
Event: 2.514 Thread 0x00000298166c0a90 DEOPT UNPACKING pc=0x00000298074a69a3 sp=0x000000cab61f7be8 mode 2
Event: 2.514 Thread 0x00000298166c0a90 Uncommon trap: trap_request=0xffffffc6 fr.pc=0x0000029807d44fb8 relative=0x0000000000000898
Event: 2.514 Thread 0x00000298166c0a90 Uncommon trap: reason=bimorphic_or_optimized_type_check action=maybe_recompile pc=0x0000029807d44fb8 method=java.io.BufferedInputStream.read([BII)I @ 101 c2
Event: 2.514 Thread 0x00000298166c0a90 DEOPT PACKING pc=0x0000029807d44fb8 sp=0x000000cab61f7c30
Event: 2.514 Thread 0x00000298166c0a90 DEOPT UNPACKING pc=0x00000298074a69a3 sp=0x000000cab61f7be8 mode 2
Event: 2.625 Thread 0x00000298166c0a90 DEOPT PACKING pc=0x00000298004068d4 sp=0x000000cab61f7010
Event: 2.625 Thread 0x00000298166c0a90 DEOPT UNPACKING pc=0x00000298074a7143 sp=0x000000cab61f6568 mode 0
Event: 2.696 Thread 0x00000298166c0a90 Uncommon trap: trap_request=0xffffff54 fr.pc=0x0000029807c3d680 relative=0x0000000000001140
Event: 2.696 Thread 0x00000298166c0a90 Uncommon trap: reason=speculate_null_assert action=make_not_entrant pc=0x0000029807c3d680 method=jdk.internal.loader.URLClassPath$JarLoader.getResource(Ljava/lang/String;ZLjava/util/Set;)Ljdk/internal/loader/Resource; @ 17 c2
Event: 2.696 Thread 0x00000298166c0a90 DEOPT PACKING pc=0x0000029807c3d680 sp=0x000000cab61f6a10
Event: 2.696 Thread 0x00000298166c0a90 DEOPT UNPACKING pc=0x00000298074a69a3 sp=0x000000cab61f69a8 mode 2
Event: 2.742 Thread 0x00000298166c0a90 Uncommon trap: trap_request=0xffffffc6 fr.pc=0x0000029807d216e0 relative=0x0000000000004340
Event: 2.742 Thread 0x00000298166c0a90 Uncommon trap: reason=bimorphic_or_optimized_type_check action=maybe_recompile pc=0x0000029807d216e0 method=java.net.URL.<init>(Ljava/net/URL;Ljava/lang/String;Ljava/net/URLStreamHandler;)V @ 504 c2
Event: 2.742 Thread 0x00000298166c0a90 DEOPT PACKING pc=0x0000029807d216e0 sp=0x000000cab61f73d0
Event: 2.742 Thread 0x00000298166c0a90 DEOPT UNPACKING pc=0x00000298074a69a3 sp=0x000000cab61f7370 mode 2

Classes unloaded (0 events):
No events

Classes redefined (0 events):
No events

Internal exceptions (20 events):
Event: 2.362 Thread 0x00000298166c0a90 Exception <a 'java/lang/IncompatibleClassChangeError'{0x0000000082fb30b0}: Found class java.lang.Object, but interface was expected> (0x0000000082fb30b0) 
thrown [s\src\hotspot\share\interpreter\linkResolver.cpp, line 838]
Event: 2.431 Thread 0x00000298166c0a90 Exception <a 'java/lang/NoSuchMethodError'{0x00000000829d1f78}: 'int java.lang.invoke.DirectMethodHandle$Holder.invokeStaticInit(java.lang.Object, java.lang.Object, java.lang.Object)'> (0x00000000829d1f78) 
thrown [s\src\hotspot\share\interpreter\linkResolver.cpp, line 771]
Event: 2.432 Thread 0x00000298166c0a90 Exception <a 'java/lang/NoSuchMethodError'{0x00000000829e6fb0}: 'java.lang.Object java.lang.invoke.DirectMethodHandle$Holder.newInvokeSpecial(java.lang.Object, java.lang.Object, long)'> (0x00000000829e6fb0) 
thrown [s\src\hotspot\share\interpreter\linkResolver.cpp, line 771]
Event: 2.433 Thread 0x00000298166c0a90 Exception <a 'java/lang/NoSuchMethodError'{0x00000000829eb5c0}: 'java.lang.Object java.lang.invoke.Invokers$Holder.linkToTargetMethod(java.lang.Object, long, java.lang.Object)'> (0x00000000829eb5c0) 
thrown [s\src\hotspot\share\interpreter\linkResolver.cpp, line 771]
Event: 2.446 Thread 0x00000298166c0a90 Exception <a 'java/lang/NoSuchMethodError'{0x00000000828e82d8}: 'int java.lang.invoke.DirectMethodHandle$Holder.invokeInterface(java.lang.Object, java.lang.Object)'> (0x00000000828e82d8) 
thrown [s\src\hotspot\share\interpreter\linkResolver.cpp, line 771]
Event: 2.447 Thread 0x00000298166c0a90 Exception <a 'java/lang/NoSuchMethodError'{0x000000008230c848}: 'java.lang.Object java.lang.invoke.DirectMethodHandle$Holder.invokeStatic(java.lang.Object, java.lang.Object, int, java.lang.Object)'> (0x000000008230c848) 
thrown [s\src\hotspot\share\interpreter\linkResolver.cpp, line 771]
Event: 2.448 Thread 0x00000298166c0a90 Exception <a 'java/lang/NoSuchMethodError'{0x0000000082314400}: 'java.lang.Object java.lang.invoke.DirectMethodHandle$Holder.newInvokeSpecial(java.lang.Object, java.lang.Object, int, java.lang.Object)'> (0x0000000082314400) 
thrown [s\src\hotspot\share\interpreter\linkResolver.cpp, line 771]
Event: 2.448 Thread 0x00000298166c0a90 Exception <a 'java/lang/NoSuchMethodError'{0x0000000082318ce8}: 'java.lang.Object java.lang.invoke.DirectMethodHandle$Holder.invokeSpecial(java.lang.Object, java.lang.Object, java.lang.Object, int, java.lang.Object)'> (0x0000000082318ce8) 
thrown [s\src\hotspot\share\interpreter\linkResolver.cpp, line 771]
Event: 2.499 Thread 0x00000298166c0a90 Exception <a 'java/lang/NoSuchMethodError'{0x000000008c8a9618}: 'java.lang.Object java.lang.invoke.DirectMethodHandle$Holder.invokeSpecial(java.lang.Object, java.lang.Object, java.lang.Object, int, java.lang.Object, java.lang.Object)'> (0x000000008c8a9618) 
thrown [s\src\hotspot\share\interpreter\linkResolver.cpp, line 771]
Event: 2.546 Thread 0x00000298166c0a90 Exception <a 'java/lang/NoSuchMethodError'{0x000000008c4d8528}: 'void java.lang.invoke.DirectMethodHandle$Holder.invokeStaticInit(java.lang.Object, java.lang.Object, java.lang.Object)'> (0x000000008c4d8528) 
thrown [s\src\hotspot\share\interpreter\linkResolver.cpp, line 771]
Event: 2.546 Thread 0x00000298166c0a90 Exception <a 'java/lang/NoSuchMethodError'{0x000000008c4dfc70}: 'void java.lang.invoke.DirectMethodHandle$Holder.invokeStaticInit(java.lang.Object, java.lang.Object, java.lang.Object, java.lang.Object)'> (0x000000008c4dfc70) 
thrown [s\src\hotspot\share\interpreter\linkResolver.cpp, line 771]
Event: 2.548 Thread 0x00000298166c0a90 Exception <a 'java/lang/NoSuchMethodError'{0x000000008c3022c8}: 'void java.lang.invoke.DirectMethodHandle$Holder.invokeStaticInit(java.lang.Object, java.lang.Object, java.lang.Object, java.lang.Object, java.lang.Object)'> (0x000000008c3022c8) 
thrown [s\src\hotspot\share\interpreter\linkResolver.cpp, line 771]
Event: 2.553 Thread 0x00000298166c0a90 Exception <a 'java/lang/NoSuchMethodError'{0x000000008c35c618}: 'int java.lang.invoke.DirectMethodHandle$Holder.invokeStaticInit(java.lang.Object, java.lang.Object, java.lang.Object, java.lang.Object)'> (0x000000008c35c618) 
thrown [s\src\hotspot\share\interpreter\linkResolver.cpp, line 771]
Event: 2.696 Thread 0x00000298166c0a90 Exception <a 'java/lang/ClassNotFoundException'{0x000000008c30ff98}: groovy/lang/ExpandoMetaClassBeanInfo> (0x000000008c30ff98) 
thrown [s\src\hotspot\share\classfile\systemDictionary.cpp, line 256]
Event: 2.697 Thread 0x00000298166c0a90 Exception <a 'java/lang/ClassNotFoundException'{0x000000008c326de0}: groovy/lang/MetaClassImplBeanInfo> (0x000000008c326de0) 
thrown [s\src\hotspot\share\classfile\systemDictionary.cpp, line 256]
Event: 2.697 Thread 0x00000298166c0a90 Exception <a 'java/lang/ClassNotFoundException'{0x000000008c32c5c0}: java/lang/ObjectBeanInfo> (0x000000008c32c5c0) 
thrown [s\src\hotspot\share\classfile\systemDictionary.cpp, line 256]
Event: 2.697 Thread 0x00000298166c0a90 Exception <a 'java/lang/ClassNotFoundException'{0x000000008c332458}: java/lang/ObjectCustomizer> (0x000000008c332458) 
thrown [s\src\hotspot\share\classfile\systemDictionary.cpp, line 256]
Event: 2.699 Thread 0x00000298166c0a90 Exception <a 'java/lang/IncompatibleClassChangeError'{0x000000008c336e80}: Found class java.lang.Object, but interface was expected> (0x000000008c336e80) 
thrown [s\src\hotspot\share\interpreter\linkResolver.cpp, line 838]
Event: 2.702 Thread 0x00000298166c0a90 Exception <a 'java/lang/ClassNotFoundException'{0x000000008c352960}: groovy/lang/MetaClassImplCustomizer> (0x000000008c352960) 
thrown [s\src\hotspot\share\classfile\systemDictionary.cpp, line 256]
Event: 2.704 Thread 0x00000298166c0a90 Exception <a 'java/lang/ClassNotFoundException'{0x000000008c387f68}: groovy/lang/ExpandoMetaClassCustomizer> (0x000000008c387f68) 
thrown [s\src\hotspot\share\classfile\systemDictionary.cpp, line 256]

VM Operations (20 events):
Event: 2.581 Executing VM operation: G1Concurrent
Event: 2.582 Executing VM operation: G1Concurrent done
Event: 2.585 Executing VM operation: G1Concurrent
Event: 2.585 Executing VM operation: G1Concurrent done
Event: 2.623 Executing VM operation: HandshakeAllThreads
Event: 2.623 Executing VM operation: HandshakeAllThreads done
Event: 2.649 Executing VM operation: HandshakeAllThreads
Event: 2.649 Executing VM operation: HandshakeAllThreads done
Event: 2.673 Executing VM operation: HandshakeAllThreads
Event: 2.673 Executing VM operation: HandshakeAllThreads done
Event: 2.742 Executing VM operation: HandshakeAllThreads
Event: 2.742 Executing VM operation: HandshakeAllThreads done
Event: 2.742 Executing VM operation: HandshakeAllThreads
Event: 2.743 Executing VM operation: HandshakeAllThreads done
Event: 2.745 Executing VM operation: HandshakeAllThreads
Event: 2.745 Executing VM operation: HandshakeAllThreads done
Event: 2.748 Executing VM operation: HandshakeAllThreads
Event: 2.748 Executing VM operation: HandshakeAllThreads done
Event: 2.753 Executing VM operation: HandshakeAllThreads
Event: 2.753 Executing VM operation: HandshakeAllThreads done

Events (20 events):
Event: 2.754 loading class sun/nio/fs/WindowsSecurityDescriptor
Event: 2.754 loading class sun/nio/fs/WindowsSecurityDescriptor done
Event: 2.754 loading class sun/nio/fs/WindowsChannelFactory$2
Event: 2.754 loading class sun/nio/fs/WindowsChannelFactory$2 done
Event: 2.763 loading class java/nio/file/SimpleFileVisitor
Event: 2.763 loading class java/nio/file/SimpleFileVisitor done
Event: 2.764 loading class java/time/DateTimeException
Event: 2.764 loading class java/time/DateTimeException done
Event: 2.764 loading class java/util/regex/PatternSyntaxException
Event: 2.764 loading class java/util/regex/PatternSyntaxException done
Event: 2.765 loading class java/time/temporal/ChronoField
Event: 2.765 loading class java/time/temporal/ChronoField done
Event: 2.765 loading class java/time/ZoneRegion
Event: 2.765 loading class java/time/ZoneRegion done
Event: 2.765 loading class java/time/zone/ZoneRulesProvider
Event: 2.766 loading class java/time/zone/ZoneRulesProvider done
Event: 2.766 loading class java/time/zone/ZoneRulesProvider$1
Event: 2.766 loading class java/time/zone/ZoneRulesProvider$1 done
Event: 2.766 loading class java/time/zone/TzdbZoneRulesProvider
Event: 2.766 loading class java/time/zone/TzdbZoneRulesProvider done


Dynamic libraries:
0x00007ff791bb0000 - 0x00007ff791bba000 	E:\Android\Android_Studio\jbr\bin\java.exe
0x00007fff8ceb0000 - 0x00007fff8d0c7000 	C:\WINDOWS\SYSTEM32\ntdll.dll
0x00007fff8c320000 - 0x00007fff8c3e4000 	C:\WINDOWS\System32\KERNEL32.DLL
0x00007fff8a850000 - 0x00007fff8abf5000 	C:\WINDOWS\System32\KERNELBASE.dll
0x00007fff8a250000 - 0x00007fff8a361000 	C:\WINDOWS\System32\ucrtbase.dll
0x00007fff610e0000 - 0x00007fff610f7000 	E:\Android\Android_Studio\jbr\bin\jli.dll
0x00007fff83d30000 - 0x00007fff83d4b000 	E:\Android\Android_Studio\jbr\bin\VCRUNTIME140.dll
0x00007fff8b300000 - 0x00007fff8b4ae000 	C:\WINDOWS\System32\USER32.dll
0x00007fff8a220000 - 0x00007fff8a246000 	C:\WINDOWS\System32\win32u.dll
0x00007fff8c180000 - 0x00007fff8c1a9000 	C:\WINDOWS\System32\GDI32.dll
0x00007fff6c100000 - 0x00007fff6c393000 	C:\WINDOWS\WinSxS\amd64_microsoft.windows.common-controls_6595b64144ccf1df_6.0.22621.2506_none_270c5ae97388e100\COMCTL32.dll
0x00007fff8a3e0000 - 0x00007fff8a4f9000 	C:\WINDOWS\System32\gdi32full.dll
0x00007fff8a500000 - 0x00007fff8a59a000 	C:\WINDOWS\System32\msvcp_win.dll
0x00007fff8cb10000 - 0x00007fff8cbb7000 	C:\WINDOWS\System32\msvcrt.dll
0x00007fff8c140000 - 0x00007fff8c171000 	C:\WINDOWS\System32\IMM32.DLL
0x00007fff856a0000 - 0x00007fff856ac000 	E:\Android\Android_Studio\jbr\bin\vcruntime140_1.dll
0x00007fff53f00000 - 0x00007fff53f8d000 	E:\Android\Android_Studio\jbr\bin\msvcp140.dll
0x00007fff3c1a0000 - 0x00007fff3ce0e000 	E:\Android\Android_Studio\jbr\bin\server\jvm.dll
0x00007fff8c870000 - 0x00007fff8c921000 	C:\WINDOWS\System32\ADVAPI32.dll
0x00007fff8cc10000 - 0x00007fff8ccb6000 	C:\WINDOWS\System32\sechost.dll
0x00007fff8acb0000 - 0x00007fff8adc7000 	C:\WINDOWS\System32\RPCRT4.dll
0x00007fff83cb0000 - 0x00007fff83ce4000 	C:\WINDOWS\SYSTEM32\WINMM.dll
0x00007fff856d0000 - 0x00007fff856d9000 	C:\WINDOWS\SYSTEM32\WSOCK32.dll
0x00007fff8ac30000 - 0x00007fff8aca1000 	C:\WINDOWS\System32\WS2_32.dll
0x00007fff832c0000 - 0x00007fff832ca000 	C:\WINDOWS\SYSTEM32\VERSION.dll
0x00007fff89310000 - 0x00007fff89328000 	C:\WINDOWS\SYSTEM32\kernel.appcore.dll
0x00007fff85690000 - 0x00007fff8569a000 	E:\Android\Android_Studio\jbr\bin\jimage.dll
0x00007fff87610000 - 0x00007fff87843000 	C:\WINDOWS\SYSTEM32\DBGHELP.DLL
0x00007fff8add0000 - 0x00007fff8b159000 	C:\WINDOWS\System32\combase.dll
0x00007fff8b160000 - 0x00007fff8b237000 	C:\WINDOWS\System32\OLEAUT32.dll
0x00007fff79420000 - 0x00007fff79452000 	C:\WINDOWS\SYSTEM32\dbgcore.DLL
0x00007fff8a710000 - 0x00007fff8a78a000 	C:\WINDOWS\System32\bcryptPrimitives.dll
0x00007fff83db0000 - 0x00007fff83dd5000 	E:\Android\Android_Studio\jbr\bin\java.dll
0x00007fff83eb0000 - 0x00007fff83ec8000 	E:\Android\Android_Studio\jbr\bin\zip.dll
0x00007fff8b720000 - 0x00007fff8bf79000 	C:\WINDOWS\System32\SHELL32.dll
0x00007fff87ff0000 - 0x00007fff888e4000 	C:\WINDOWS\SYSTEM32\windows.storage.dll
0x00007fff88910000 - 0x00007fff88a4e000 	C:\WINDOWS\SYSTEM32\wintypes.dll
0x00007fff8b600000 - 0x00007fff8b6f3000 	C:\WINDOWS\System32\SHCORE.dll
0x00007fff8b530000 - 0x00007fff8b58e000 	C:\WINDOWS\System32\shlwapi.dll
0x00007fff8a150000 - 0x00007fff8a176000 	C:\WINDOWS\SYSTEM32\profapi.dll
0x00007fff83d90000 - 0x00007fff83da9000 	E:\Android\Android_Studio\jbr\bin\net.dll
0x00007fff83920000 - 0x00007fff83a57000 	C:\WINDOWS\SYSTEM32\WINHTTP.dll
0x00007fff89790000 - 0x00007fff897f9000 	C:\WINDOWS\system32\mswsock.dll
0x00007fff6eeb0000 - 0x00007fff6eec6000 	E:\Android\Android_Studio\jbr\bin\nio.dll
0x00007fff85680000 - 0x00007fff85690000 	E:\Android\Android_Studio\jbr\bin\verify.dll
0x00007fff574a0000 - 0x00007fff574c7000 	C:\Users\adrsa\.gradle\native\68d5fa5c4cc2d200863cafc0d521ce42e7d3e7ee720ec0a83991735586a16f82\windows-amd64\native-platform.dll
0x00007fff3e7c0000 - 0x00007fff3e904000 	C:\Users\adrsa\.gradle\native\e376f236ea51e6404a007f0833ffe2c6e607c4080706a723a18a27aeea778392\windows-amd64\native-platform-file-events.dll
0x00007fff85610000 - 0x00007fff85619000 	E:\Android\Android_Studio\jbr\bin\management.dll
0x00007fff6eea0000 - 0x00007fff6eeab000 	E:\Android\Android_Studio\jbr\bin\management_ext.dll
0x00007fff8b2f0000 - 0x00007fff8b2f8000 	C:\WINDOWS\System32\PSAPI.DLL
0x00007fff899f0000 - 0x00007fff89a0b000 	C:\WINDOWS\SYSTEM32\CRYPTSP.dll
0x00007fff89270000 - 0x00007fff892a5000 	C:\WINDOWS\system32\rsaenh.dll
0x00007fff89880000 - 0x00007fff898ac000 	C:\WINDOWS\SYSTEM32\USERENV.dll
0x00007fff89bb0000 - 0x00007fff89bd8000 	C:\WINDOWS\SYSTEM32\bcrypt.dll
0x00007fff899e0000 - 0x00007fff899ec000 	C:\WINDOWS\SYSTEM32\CRYPTBASE.dll
0x00007fff88d20000 - 0x00007fff88d4d000 	C:\WINDOWS\SYSTEM32\IPHLPAPI.DLL
0x00007fff8ac20000 - 0x00007fff8ac29000 	C:\WINDOWS\System32\NSI.dll
0x00007fff83770000 - 0x00007fff83789000 	C:\WINDOWS\SYSTEM32\dhcpcsvc6.DLL
0x00007fff83750000 - 0x00007fff8376f000 	C:\WINDOWS\SYSTEM32\dhcpcsvc.DLL
0x00007fff88d90000 - 0x00007fff88e89000 	C:\WINDOWS\SYSTEM32\DNSAPI.dll
0x00007fff644e0000 - 0x00007fff644e8000 	C:\WINDOWS\system32\wshunix.dll

dbghelp: loaded successfully - version: 4.0.5 - missing functions: none
symbol engine: initialized successfully - sym options: 0x614 - pdb path: .;E:\Android\Android_Studio\jbr\bin;C:\WINDOWS\SYSTEM32;C:\WINDOWS\WinSxS\amd64_microsoft.windows.common-controls_6595b64144ccf1df_6.0.22621.2506_none_270c5ae97388e100;E:\Android\Android_Studio\jbr\bin\server;C:\Users\adrsa\.gradle\native\68d5fa5c4cc2d200863cafc0d521ce42e7d3e7ee720ec0a83991735586a16f82\windows-amd64;C:\Users\adrsa\.gradle\native\e376f236ea51e6404a007f0833ffe2c6e607c4080706a723a18a27aeea778392\windows-amd64

VM Arguments:
jvm_args: --add-opens=java.base/java.util=ALL-UNNAMED --add-opens=java.base/java.lang=ALL-UNNAMED --add-opens=java.base/java.lang.invoke=ALL-UNNAMED --add-opens=java.prefs/java.util.prefs=ALL-UNNAMED --add-opens=java.base/java.nio.charset=ALL-UNNAMED --add-opens=java.base/java.net=ALL-UNNAMED --add-opens=java.base/java.util.concurrent.atomic=ALL-UNNAMED -Xmx2048m -Dfile.encoding=UTF-8 -Duser.country=ES -Duser.language=es -Duser.variant 
java_command: org.gradle.launcher.daemon.bootstrap.GradleDaemon 8.0
java_class_path (initial): C:\Users\adrsa\.gradle\wrapper\dists\gradle-8.0-bin\ca5e32bp14vu59qr306oxotwh\gradle-8.0\lib\gradle-launcher-8.0.jar
Launcher Type: SUN_STANDARD

[Global flags]
     intx CICompilerCount                          = 12                                        {product} {ergonomic}
     uint ConcGCThreads                            = 3                                         {product} {ergonomic}
     uint G1ConcRefinementThreads                  = 13                                        {product} {ergonomic}
   size_t G1HeapRegionSize                         = 1048576                                   {product} {ergonomic}
    uintx GCDrainStackTargetSize                   = 64                                        {product} {ergonomic}
   size_t InitialHeapSize                          = 257949696                                 {product} {ergonomic}
   size_t MarkStackSize                            = 4194304                                   {product} {ergonomic}
   size_t MaxHeapSize                              = 2147483648                                {product} {command line}
   size_t MaxNewSize                               = 1287651328                                {product} {ergonomic}
   size_t MinHeapDeltaBytes                        = 1048576                                   {product} {ergonomic}
   size_t MinHeapSize                              = 8388608                                   {product} {ergonomic}
    uintx NonNMethodCodeHeapSize                   = 7602480                                {pd product} {ergonomic}
    uintx NonProfiledCodeHeapSize                  = 122027880                              {pd product} {ergonomic}
    uintx ProfiledCodeHeapSize                     = 122027880                              {pd product} {ergonomic}
    uintx ReservedCodeCacheSize                    = 251658240                              {pd product} {ergonomic}
     bool SegmentedCodeCache                       = true                                      {product} {ergonomic}
   size_t SoftMaxHeapSize                          = 2147483648                             {manageable} {ergonomic}
     bool UseCompressedClassPointers               = true                           {product lp64_product} {ergonomic}
     bool UseCompressedOops                        = true                           {product lp64_product} {ergonomic}
     bool UseG1GC                                  = true                                      {product} {ergonomic}
     bool UseLargePagesIndividualAllocation        = false                                  {pd product} {ergonomic}

Logging:
Log output configuration:
 #0: stdout all=warning uptime,level,tags
 #1: stderr all=off uptime,level,tags

Environment Variables:
PATH=C:\Program Files (x86)\Common Files\Oracle\Java\javapath;C:\oraclexe\app\oracle\product\10.2.0\server\bin;C:\WINDOWS\system32;C:\WINDOWS;C:\WINDOWS\System32\Wbem;C:\WINDOWS\System32\WindowsPowerShell\v1.0\;C:\WINDOWS\System32\OpenSSH\;C:\Program Files\AutoFirma\AutoFirma;C:\Program Files\Git\cmd;C:\Program Files\NVIDIA Corporation\NVIDIA NvDLISR;C:\Program Files\dotnet\;C:\Program Files (x86)\NVIDIA Corporation\PhysX\Common;C:\Program Files\Microsoft SQL Server\150\Tools\Binn\;C:\Program Files\Microsoft SQL Server\Client SDK\ODBC\170\Tools\Binn\;C:\Program Files (x86)\Windows Kits\10\Windows Performance Toolkit\;C:\Users\adrsa\AppData\Local\Microsoft\WindowsApps;E:\Microsoft VS Code\bin;C:\Users\adrsa\.dotnet\tools;C:\Users\adrsa\AppData\Local\GitHubDesktop\bin;E:\JetBrains\IntelliJ IDEA Community Edition 2023.2.3\bin;
USERNAME=adrsa
OS=Windows_NT
PROCESSOR_IDENTIFIER=AMD64 Family 25 Model 80 Stepping 0, AuthenticAMD
TMP=C:\Users\adrsa\AppData\Local\Temp
TEMP=C:\Users\adrsa\AppData\Local\Temp


JNI global refs:
JNI global refs: 31, weak refs: 0

JNI global refs memory usage: 843, weak refs: 841


---------------  S Y S T E M  ---------------

OS:
 Windows 11 , 64 bit Build 22621 (10.0.22621.2506)
OS uptime: 0 days 4:22 hours

CPU: total 16 (initial active 16) (16 cores per cpu, 2 threads per core) family 25 model 80 stepping 0 microcode 0x0, cx8, cmov, fxsr, ht, mmx, 3dnowpref, sse, sse2, sse3, ssse3, sse4a, sse4.1, sse4.2, popcnt, lzcnt, tsc, tscinvbit, avx, avx2, aes, erms, clmul, bmi1, bmi2, adx, sha, fma, vzeroupper, clflush, clflushopt

Memory: 4k page, system-wide physical 15713M (3777M free)
TotalPageFile size 17761M (AvailPageFile size 10M)
current process WorkingSet (physical memory assigned to process): 222M, peak: 229M
current process commit charge ("private bytes"): 272M, peak: 400M

vm_info: OpenJDK 64-Bit Server VM (17.0.6+0-b2043.56-10027231) for windows-amd64 JRE (17.0.6+0-b2043.56-10027231), built on Apr 28 2023 00:43:19 by "androidbuild" with MS VC++ 16.10 / 16.11 (VS2019)

END.
