#
# There is insufficient memory for the Java Runtime Environment to continue.
# Native memory allocation (mmap) failed to map 47185920 bytes for G1 virtual space
# Possible reasons:
#   The system is out of physical RAM or swap space
#   The process is running with CompressedOops enabled, and the Java Heap may be blocking the growth of the native heap
# Possible solutions:
#   Reduce memory load on the system
#   Increase physical memory or swap space
#   Check if swap backing store is full
#   Decrease Java heap size (-Xmx/-Xms)
#   Decrease number of Java threads
#   Decrease Java thread stack sizes (-Xss)
#   Set larger code cache with -XX:ReservedCodeCacheSize=
#   JVM is running with Unscaled Compressed Oops mode in which the Java heap is
#     placed in the first 4GB address space. The Java Heap base address is the
#     maximum limit for the native heap growth. Please use -XX:HeapBaseMinAddress
#     to set the Java Heap base and to place the Java Heap above 4GB virtual address.
# This output file may be truncated or incomplete.
#
#  Out of Memory Error (os_windows.cpp:3769), pid=9284, tid=1592
#
# JRE version: OpenJDK Runtime Environment (17.0.6) (build 17.0.6+0-b2043.56-10027231)
# Java VM: OpenJDK 64-Bit Server VM (17.0.6+0-b2043.56-10027231, mixed mode, tiered, compressed oops, compressed class ptrs, g1 gc, windows-amd64)
# No core dump will be written. Minidumps are not enabled by default on client versions of Windows
#

---------------  S U M M A R Y ------------

Command Line: --add-opens=java.base/java.util=ALL-UNNAMED --add-opens=java.base/java.lang=ALL-UNNAMED --add-opens=java.base/java.lang.invoke=ALL-UNNAMED --add-opens=java.prefs/java.util.prefs=ALL-UNNAMED --add-opens=java.base/java.nio.charset=ALL-UNNAMED --add-opens=java.base/java.net=ALL-UNNAMED --add-opens=java.base/java.util.concurrent.atomic=ALL-UNNAMED -Xmx2048m -Dfile.encoding=UTF-8 -Duser.country=ES -Duser.language=es -Duser.variant org.gradle.launcher.daemon.bootstrap.GradleDaemon 8.0

Host: AMD Ryzen 7 5800H with Radeon Graphics         , 16 cores, 15G,  Windows 11 , 64 bit Build 22621 (10.0.22621.2506)
Time: Thu Nov 16 06:40:38 2023 Hora estándar romance elapsed time: 7.423623 seconds (0d 0h 0m 7s)

---------------  T H R E A D  ---------------

Current thread (0x0000023adca7ae30):  VMThread "VM Thread" [stack: 0x0000005338200000,0x0000005338300000] [id=1592]

Stack: [0x0000005338200000,0x0000005338300000]
Native frames: (J=compiled Java code, j=interpreted, Vv=VM code, C=native code)
V  [jvm.dll+0x683c9a]
V  [jvm.dll+0x8427a4]
V  [jvm.dll+0x843f9e]
V  [jvm.dll+0x844603]
V  [jvm.dll+0x249b75]
V  [jvm.dll+0x680b69]
V  [jvm.dll+0x67505a]
V  [jvm.dll+0x309acb]
V  [jvm.dll+0x310f86]
V  [jvm.dll+0x3608ee]
V  [jvm.dll+0x360b1f]
V  [jvm.dll+0x2dfbf8]
V  [jvm.dll+0x2ddec4]
V  [jvm.dll+0x2dd4cc]
V  [jvm.dll+0x321f3b]
V  [jvm.dll+0x848ccb]
V  [jvm.dll+0x849a04]
V  [jvm.dll+0x849f1d]
V  [jvm.dll+0x84a2f4]
V  [jvm.dll+0x84a3c0]
V  [jvm.dll+0x7f274a]
V  [jvm.dll+0x682ad5]
C  [ucrtbase.dll+0x29363]
C  [KERNEL32.DLL+0x1257d]
C  [ntdll.dll+0x5aa58]

VM_Operation (0x0000005339ff63f0): G1CollectForAllocation, mode: safepoint, requested by thread 0x0000023ae0862370


---------------  P R O C E S S  ---------------

Threads class SMR info:
_java_thread_list=0x0000023ae4664150, length=209, elements={
0x0000023ac0198c80, 0x0000023add449e70, 0x0000023add44ace0, 0x0000023add484710,
0x0000023add497c20, 0x0000023add49a5f0, 0x0000023add49afa0, 0x0000023add49bc80,
0x0000023add4a4ef0, 0x0000023add4bf8e0, 0x0000023add548140, 0x0000023add548650,
0x0000023add62e020, 0x0000023add636920, 0x0000023add78deb0, 0x0000023add8f9fa0,
0x0000023addaf8770, 0x0000023ae0506b40, 0x0000023adecf16c0, 0x0000023adf85dff0,
0x0000023ade55e000, 0x0000023adf9a4140, 0x0000023adf9a4610, 0x0000023ae0862370,
0x0000023ade4a7a10, 0x0000023ade4a8d50, 0x0000023ade4a83b0, 0x0000023ade4aa560,
0x0000023ade4a9220, 0x0000023ade4a9bc0, 0x0000023ade4a96f0, 0x0000023ade4aa090,
0x0000023ade4aaa30, 0x0000023ade4a8880, 0x0000023ade4a7070, 0x0000023ade4a7540,
0x0000023ade4a7ee0, 0x0000023ae15163f0, 0x0000023ae1514710, 0x0000023ae15116f0,
0x0000023ae1512560, 0x0000023ae1514240, 0x0000023ae15150b0, 0x0000023ae1510d50,
0x0000023ae1511bc0, 0x0000023ae1517730, 0x0000023ae1512f00, 0x0000023ae15133d0,
0x0000023ae15138a0, 0x0000023ae1515580, 0x0000023ae1515a50, 0x0000023ae1515f20,
0x0000023ae6b651d0, 0x0000023ae6b64830, 0x0000023ae6b64360, 0x0000023ae6b656a0,
0x0000023ae6b60000, 0x0000023ae6b61810, 0x0000023ae6b64d00, 0x0000023ae6b61ce0,
0x0000023ae6b62680, 0x0000023ae6b65b70, 0x0000023ae6b669e0, 0x0000023ae6b66040,
0x0000023ae6b66510, 0x0000023ae6b634f0, 0x0000023ae6b639c0, 0x0000023ae6b66eb0,
0x0000023ae6b621b0, 0x0000023ae6b5f660, 0x0000023ae6b5fb30, 0x0000023ae6b604d0,
0x0000023ae6b609a0, 0x0000023ae6b60e70, 0x0000023ae6b61340, 0x0000023ae6b62b50,
0x0000023ae6b63020, 0x0000023ae6b63e90, 0x0000023ae172f9b0, 0x0000023ae1728630,
0x0000023ae172acb0, 0x0000023ae172f010, 0x0000023ae172b180, 0x0000023ae1729970,
0x0000023ae1728b00, 0x0000023ae172b650, 0x0000023ae1728fd0, 0x0000023ae172fe80,
0x0000023ae172e670, 0x0000023ae172bb20, 0x0000023ae172eb40, 0x0000023ae17294a0,
0x0000023ae1729e40, 0x0000023ae172a310, 0x0000023ae172a7e0, 0x0000023ae172bff0,
0x0000023ae172c4c0, 0x0000023ae172c990, 0x0000023ae172ce60, 0x0000023ae172f4e0,
0x0000023ae172d330, 0x0000023ae172d800, 0x0000023ae172dcd0, 0x0000023ae172e1a0,
0x0000023ae36c0300, 0x0000023ae36c1170, 0x0000023ae36c0ca0, 0x0000023ae36c1640,
0x0000023ae36bfe30, 0x0000023ae36bd7b0, 0x0000023ae36beaf0, 0x0000023ae36bc470,
0x0000023ae36b9df0, 0x0000023ae36ba2c0, 0x0000023ae36bdc80, 0x0000023ae36ba790,
0x0000023ae36bac60, 0x0000023ae36bf490, 0x0000023ae36be150, 0x0000023ae36bce10,
0x0000023ae36befc0, 0x0000023ae36c07d0, 0x0000023ae36bb130, 0x0000023ae36bd2e0,
0x0000023ae36be620, 0x0000023ae36bb600, 0x0000023ae36bc940, 0x0000023ae36bf960,
0x0000023ae36bbad0, 0x0000023ae36bbfa0, 0x0000023ae1704800, 0x0000023ae1709500,
0x0000023ae170a840, 0x0000023ae1706e80, 0x0000023ae1707820, 0x0000023ae1709030,
0x0000023ae1707cf0, 0x0000023ae17099d0, 0x0000023ae17064e0, 0x0000023ae17081c0,
0x0000023ae1708690, 0x0000023ae1705b40, 0x0000023ae1708b60, 0x0000023ae1709ea0,
0x0000023ae170a370, 0x0000023ae170b1e0, 0x0000023ae170ad10, 0x0000023ae170b6b0,
0x0000023ae170c050, 0x0000023ae17069b0, 0x0000023ae1704cd0, 0x0000023ae17051a0,
0x0000023ae1707350, 0x0000023ae170bb80, 0x0000023ae1705670, 0x0000023ae1706010,
0x0000023ae6960c60, 0x0000023ae69637b0, 0x0000023ae6963c80, 0x0000023ae6966ca0,
0x0000023ae6964fc0, 0x0000023ae6962940, 0x0000023ae6961ad0, 0x0000023ae6964150,
0x0000023ae6961130, 0x0000023ae6965490, 0x0000023ae69667d0, 0x0000023ae6965960,
0x0000023ae695f920, 0x0000023ae6965e30, 0x0000023ae6961600, 0x0000023ae6967170,
0x0000023ae695fdf0, 0x0000023ae69602c0, 0x0000023ae6961fa0, 0x0000023ae6966300,
0x0000023ae6960790, 0x0000023ae6964620, 0x0000023ae6962e10, 0x0000023ae6962470,
0x0000023ae69632e0, 0x0000023ae6964af0, 0x0000023ae6e54820, 0x0000023ae6e57370,
0x0000023ae6e54cf0, 0x0000023ae6e55690, 0x0000023ae6e5b200, 0x0000023ae6e569d0,
0x0000023ae6e551c0, 0x0000023ae6e55b60, 0x0000023ae6e56030, 0x0000023ae6e54350,
0x0000023ae6e5ad30, 0x0000023ae6e56500, 0x0000023ae6e599f0, 0x0000023ae6e56ea0,
0x0000023ae6e57d10, 0x0000023ae6e57840, 0x0000023ae6e581e0, 0x0000023ae6e586b0,
0x0000023ae6e58b80, 0x0000023ae6e53e80, 0x0000023ae6e59ec0, 0x0000023ae6e59050,
0x0000023ae6e59520, 0x0000023ae6e5a390, 0x0000023ae6e5b6d0, 0x0000023ae4478a20,
0x0000023ae4414d70
}

Java Threads: ( => current thread )
  0x0000023ac0198c80 JavaThread "main" [_thread_blocked, id=12320, stack(0x0000005337c00000,0x0000005337d00000)]
  0x0000023add449e70 JavaThread "Reference Handler" daemon [_thread_blocked, id=20108, stack(0x0000005338300000,0x0000005338400000)]
  0x0000023add44ace0 JavaThread "Finalizer" daemon [_thread_blocked, id=11112, stack(0x0000005338400000,0x0000005338500000)]
  0x0000023add484710 JavaThread "Signal Dispatcher" daemon [_thread_blocked, id=19072, stack(0x0000005338500000,0x0000005338600000)]
  0x0000023add497c20 JavaThread "Attach Listener" daemon [_thread_blocked, id=12160, stack(0x0000005338600000,0x0000005338700000)]
  0x0000023add49a5f0 JavaThread "Service Thread" daemon [_thread_blocked, id=18560, stack(0x0000005338700000,0x0000005338800000)]
  0x0000023add49afa0 JavaThread "Monitor Deflation Thread" daemon [_thread_blocked, id=18384, stack(0x0000005338800000,0x0000005338900000)]
  0x0000023add49bc80 JavaThread "C2 CompilerThread0" daemon [_thread_blocked, id=14920, stack(0x0000005338900000,0x0000005338a00000)]
  0x0000023add4a4ef0 JavaThread "C1 CompilerThread0" daemon [_thread_blocked, id=5744, stack(0x0000005338a00000,0x0000005338b00000)]
  0x0000023add4bf8e0 JavaThread "Sweeper thread" daemon [_thread_blocked, id=10116, stack(0x0000005338b00000,0x0000005338c00000)]
  0x0000023add548140 JavaThread "C1 CompilerThread1" daemon [_thread_blocked, id=3760, stack(0x0000005338c00000,0x0000005338d00000)]
  0x0000023add548650 JavaThread "C1 CompilerThread2" daemon [_thread_blocked, id=19864, stack(0x0000005338d00000,0x0000005338e00000)]
  0x0000023add62e020 JavaThread "Common-Cleaner" daemon [_thread_blocked, id=14612, stack(0x0000005338e00000,0x0000005338f00000)]
  0x0000023add636920 JavaThread "Notification Thread" daemon [_thread_blocked, id=13480, stack(0x0000005338f00000,0x0000005339000000)]
  0x0000023add78deb0 JavaThread "C2 CompilerThread1" daemon [_thread_blocked, id=20364, stack(0x0000005339100000,0x0000005339200000)]
  0x0000023add8f9fa0 JavaThread "C2 CompilerThread2" daemon [_thread_blocked, id=10956, stack(0x0000005339200000,0x0000005339300000)]
  0x0000023addaf8770 JavaThread "C1 CompilerThread3" daemon [_thread_blocked, id=3936, stack(0x0000005339800000,0x0000005339900000)]
  0x0000023ae0506b40 JavaThread "Daemon health stats" [_thread_blocked, id=4744, stack(0x0000005339900000,0x0000005339a00000)]
  0x0000023adecf16c0 JavaThread "Incoming local TCP Connector on port 57579" [_thread_in_native, id=14912, stack(0x0000005339a00000,0x0000005339b00000)]
  0x0000023adf85dff0 JavaThread "Daemon periodic checks" [_thread_blocked, id=13452, stack(0x0000005339b00000,0x0000005339c00000)]
  0x0000023ade55e000 JavaThread "Daemon" [_thread_blocked, id=11488, stack(0x0000005339c00000,0x0000005339d00000)]
  0x0000023adf9a4140 JavaThread "Handler for socket connection from /127.0.0.1:57579 to /127.0.0.1:57580" [_thread_in_native, id=16760, stack(0x0000005339d00000,0x0000005339e00000)]
  0x0000023adf9a4610 JavaThread "Cancel handler" [_thread_blocked, id=5600, stack(0x0000005339e00000,0x0000005339f00000)]
  0x0000023ae0862370 JavaThread "Daemon worker" [_thread_blocked, id=2704, stack(0x0000005339f00000,0x000000533a000000)]
  0x0000023ade4a7a10 JavaThread "Asynchronous log dispatcher for DefaultDaemonConnection: socket connection from /127.0.0.1:57579 to /127.0.0.1:57580" [_thread_blocked, id=2572, stack(0x000000533a000000,0x000000533a100000)]
  0x0000023ade4a8d50 JavaThread "Stdin handler" [_thread_blocked, id=7032, stack(0x000000533a100000,0x000000533a200000)]
  0x0000023ade4a83b0 JavaThread "Daemon client event forwarder" [_thread_blocked, id=14076, stack(0x000000533a200000,0x000000533a300000)]
  0x0000023ade4aa560 JavaThread "Cache worker for journal cache (C:\Users\adrsa\.gradle\caches\journal-1)" [_thread_blocked, id=16232, stack(0x000000533ac00000,0x000000533ad00000)]
  0x0000023ade4a9220 JavaThread "File lock request listener" [_thread_in_native, id=11012, stack(0x000000533ad00000,0x000000533ae00000)]
  0x0000023ade4a9bc0 JavaThread "Cache worker for file hash cache (C:\Users\adrsa\.gradle\caches\8.0\fileHashes)" [_thread_blocked, id=14268, stack(0x000000533ae00000,0x000000533af00000)]
  0x0000023ade4a96f0 JavaThread "File watcher server" daemon [_thread_in_native, id=6768, stack(0x000000533b000000,0x000000533b100000)]
  0x0000023ade4aa090 JavaThread "File watcher consumer" daemon [_thread_blocked, id=1648, stack(0x000000533b100000,0x000000533b200000)]
  0x0000023ade4aaa30 JavaThread "Cache worker for checksums cache (E:\Android\AndroidStudioProyects\Actividad06PMDM\.gradle\8.0\checksums)" [_thread_blocked, id=2288, stack(0x000000533b200000,0x000000533b300000)]
  0x0000023ade4a8880 JavaThread "Cache worker for cache directory md-rule (C:\Users\adrsa\.gradle\caches\8.0\md-rule)" [_thread_blocked, id=9928, stack(0x000000533b300000,0x000000533b400000)]
  0x0000023ade4a7070 JavaThread "Cache worker for file content cache (C:\Users\adrsa\.gradle\caches\8.0\fileContent)" [_thread_blocked, id=20376, stack(0x000000533b400000,0x000000533b500000)]
  0x0000023ade4a7540 JavaThread "Cache worker for file hash cache (E:\Android\AndroidStudioProyects\Actividad06PMDM\.gradle\8.0\fileHashes)" [_thread_blocked, id=12668, stack(0x000000533b500000,0x000000533b600000)]
  0x0000023ade4a7ee0 JavaThread "Cache worker for cache directory md-supplier (C:\Users\adrsa\.gradle\caches\8.0\md-supplier)" [_thread_blocked, id=15500, stack(0x000000533b600000,0x000000533b700000)]
  0x0000023ae15163f0 JavaThread "Cache worker for execution history cache (C:\Users\adrsa\.gradle\caches\8.0\executionHistory)" [_thread_blocked, id=18084, stack(0x000000533b700000,0x000000533b800000)]
  0x0000023ae1514710 JavaThread "jar transforms" [_thread_blocked, id=14924, stack(0x000000533b800000,0x000000533b900000)]
  0x0000023ae15116f0 JavaThread "jar transforms Thread 2" [_thread_blocked, id=19968, stack(0x000000533b900000,0x000000533ba00000)]
  0x0000023ae1512560 JavaThread "Cache worker for kotlin-dsl (C:\Users\adrsa\.gradle\caches\8.0\kotlin-dsl)" [_thread_blocked, id=18268, stack(0x000000533bb00000,0x000000533bc00000)]
  0x0000023ae1514240 JavaThread "jar transforms Thread 3" [_thread_blocked, id=18472, stack(0x000000533bc00000,0x000000533bd00000)]
  0x0000023ae15150b0 JavaThread "jar transforms Thread 4" [_thread_blocked, id=12536, stack(0x000000533bd00000,0x000000533be00000)]
  0x0000023ae1510d50 JavaThread "Cache worker for dependencies-accessors (E:\Android\AndroidStudioProyects\Actividad06PMDM\.gradle\8.0\dependencies-accessors)" [_thread_blocked, id=336, stack(0x000000533be00000,0x000000533bf00000)]
  0x0000023ae1511bc0 JavaThread "Cache worker for Build Output Cleanup Cache (E:\Android\AndroidStudioProyects\Actividad06PMDM\.gradle\buildOutputCleanup)" [_thread_blocked, id=18976, stack(0x000000533bf00000,0x000000533c000000)]
  0x0000023ae1517730 JavaThread "jar transforms Thread 5" [_thread_blocked, id=20288, stack(0x000000533c000000,0x000000533c100000)]
  0x0000023ae1512f00 JavaThread "Unconstrained build operations" [_thread_blocked, id=18336, stack(0x000000533c100000,0x000000533c200000)]
  0x0000023ae15133d0 JavaThread "Unconstrained build operations Thread 2" [_thread_blocked, id=19744, stack(0x000000533c200000,0x000000533c300000)]
  0x0000023ae15138a0 JavaThread "Unconstrained build operations Thread 3" [_thread_blocked, id=14324, stack(0x000000533c300000,0x000000533c400000)]
  0x0000023ae1515580 JavaThread "Unconstrained build operations Thread 4" [_thread_blocked, id=13548, stack(0x000000533c400000,0x000000533c500000)]
  0x0000023ae1515a50 JavaThread "Unconstrained build operations Thread 5" [_thread_blocked, id=6072, stack(0x000000533c500000,0x000000533c600000)]
  0x0000023ae1515f20 JavaThread "Unconstrained build operations Thread 6" [_thread_blocked, id=19320, stack(0x000000533c600000,0x000000533c700000)]
  0x0000023ae6b651d0 JavaThread "Unconstrained build operations Thread 7" [_thread_blocked, id=19600, stack(0x000000533c700000,0x000000533c800000)]
  0x0000023ae6b64830 JavaThread "Unconstrained build operations Thread 8" [_thread_blocked, id=12968, stack(0x000000533c800000,0x000000533c900000)]
  0x0000023ae6b64360 JavaThread "Unconstrained build operations Thread 9" [_thread_blocked, id=18136, stack(0x000000533c900000,0x000000533ca00000)]
  0x0000023ae6b656a0 JavaThread "Unconstrained build operations Thread 10" [_thread_blocked, id=7040, stack(0x000000533ca00000,0x000000533cb00000)]
  0x0000023ae6b60000 JavaThread "Unconstrained build operations Thread 11" [_thread_blocked, id=13584, stack(0x000000533cb00000,0x000000533cc00000)]
  0x0000023ae6b61810 JavaThread "Unconstrained build operations Thread 12" [_thread_blocked, id=8824, stack(0x000000533cc00000,0x000000533cd00000)]
  0x0000023ae6b64d00 JavaThread "Unconstrained build operations Thread 13" [_thread_blocked, id=18996, stack(0x000000533cd00000,0x000000533ce00000)]
  0x0000023ae6b61ce0 JavaThread "Unconstrained build operations Thread 14" [_thread_blocked, id=7496, stack(0x000000533ce00000,0x000000533cf00000)]
  0x0000023ae6b62680 JavaThread "Unconstrained build operations Thread 15" [_thread_blocked, id=11860, stack(0x000000533cf00000,0x000000533d000000)]
  0x0000023ae6b65b70 JavaThread "Unconstrained build operations Thread 16" [_thread_blocked, id=19332, stack(0x000000533d000000,0x000000533d100000)]
  0x0000023ae6b669e0 JavaThread "Unconstrained build operations Thread 17" [_thread_blocked, id=17736, stack(0x000000533d100000,0x000000533d200000)]
  0x0000023ae6b66040 JavaThread "Unconstrained build operations Thread 18" [_thread_blocked, id=328, stack(0x000000533d200000,0x000000533d300000)]
  0x0000023ae6b66510 JavaThread "Unconstrained build operations Thread 19" [_thread_blocked, id=5520, stack(0x000000533d300000,0x000000533d400000)]
  0x0000023ae6b634f0 JavaThread "Unconstrained build operations Thread 20" [_thread_blocked, id=9704, stack(0x000000533d400000,0x000000533d500000)]
  0x0000023ae6b639c0 JavaThread "Unconstrained build operations Thread 21" [_thread_blocked, id=12492, stack(0x000000533d500000,0x000000533d600000)]
  0x0000023ae6b66eb0 JavaThread "Unconstrained build operations Thread 22" [_thread_blocked, id=7480, stack(0x000000533d600000,0x000000533d700000)]
  0x0000023ae6b621b0 JavaThread "Unconstrained build operations Thread 23" [_thread_blocked, id=16472, stack(0x000000533d700000,0x000000533d800000)]
  0x0000023ae6b5f660 JavaThread "Unconstrained build operations Thread 24" [_thread_blocked, id=3136, stack(0x000000533d800000,0x000000533d900000)]
  0x0000023ae6b5fb30 JavaThread "Unconstrained build operations Thread 25" [_thread_blocked, id=320, stack(0x000000533d900000,0x000000533da00000)]
  0x0000023ae6b604d0 JavaThread "Unconstrained build operations Thread 26" [_thread_blocked, id=12060, stack(0x000000533da00000,0x000000533db00000)]
  0x0000023ae6b609a0 JavaThread "Unconstrained build operations Thread 27" [_thread_blocked, id=17568, stack(0x000000533db00000,0x000000533dc00000)]
  0x0000023ae6b60e70 JavaThread "Unconstrained build operations Thread 28" [_thread_blocked, id=10796, stack(0x000000533dc00000,0x000000533dd00000)]
  0x0000023ae6b61340 JavaThread "Unconstrained build operations Thread 29" [_thread_blocked, id=19740, stack(0x000000533dd00000,0x000000533de00000)]
  0x0000023ae6b62b50 JavaThread "Unconstrained build operations Thread 30" [_thread_blocked, id=16240, stack(0x000000533de00000,0x000000533df00000)]
  0x0000023ae6b63020 JavaThread "Unconstrained build operations Thread 31" [_thread_blocked, id=9588, stack(0x000000533df00000,0x000000533e000000)]
  0x0000023ae6b63e90 JavaThread "Unconstrained build operations Thread 32" [_thread_blocked, id=9684, stack(0x000000533e000000,0x000000533e100000)]
  0x0000023ae172f9b0 JavaThread "Unconstrained build operations Thread 33" [_thread_blocked, id=11892, stack(0x000000533e100000,0x000000533e200000)]
  0x0000023ae1728630 JavaThread "Unconstrained build operations Thread 34" [_thread_blocked, id=15444, stack(0x000000533e200000,0x000000533e300000)]
  0x0000023ae172acb0 JavaThread "Unconstrained build operations Thread 35" [_thread_blocked, id=17316, stack(0x000000533e300000,0x000000533e400000)]
  0x0000023ae172f010 JavaThread "Unconstrained build operations Thread 36" [_thread_blocked, id=19696, stack(0x000000533e400000,0x000000533e500000)]
  0x0000023ae172b180 JavaThread "Unconstrained build operations Thread 37" [_thread_blocked, id=8732, stack(0x000000533e500000,0x000000533e600000)]
  0x0000023ae1729970 JavaThread "Unconstrained build operations Thread 38" [_thread_blocked, id=15100, stack(0x000000533e600000,0x000000533e700000)]
  0x0000023ae1728b00 JavaThread "Unconstrained build operations Thread 39" [_thread_blocked, id=4364, stack(0x000000533e700000,0x000000533e800000)]
  0x0000023ae172b650 JavaThread "Unconstrained build operations Thread 40" [_thread_blocked, id=12612, stack(0x000000533e800000,0x000000533e900000)]
  0x0000023ae1728fd0 JavaThread "Unconstrained build operations Thread 41" [_thread_blocked, id=14456, stack(0x000000533e900000,0x000000533ea00000)]
  0x0000023ae172fe80 JavaThread "Unconstrained build operations Thread 42" [_thread_blocked, id=3552, stack(0x000000533ea00000,0x000000533eb00000)]
  0x0000023ae172e670 JavaThread "Unconstrained build operations Thread 43" [_thread_blocked, id=10156, stack(0x000000533eb00000,0x000000533ec00000)]
  0x0000023ae172bb20 JavaThread "Unconstrained build operations Thread 44" [_thread_blocked, id=11056, stack(0x000000533ec00000,0x000000533ed00000)]
  0x0000023ae172eb40 JavaThread "Unconstrained build operations Thread 45" [_thread_blocked, id=20312, stack(0x000000533ed00000,0x000000533ee00000)]
  0x0000023ae17294a0 JavaThread "Unconstrained build operations Thread 46" [_thread_blocked, id=7020, stack(0x000000533ee00000,0x000000533ef00000)]
  0x0000023ae1729e40 JavaThread "Unconstrained build operations Thread 47" [_thread_blocked, id=14752, stack(0x000000533ef00000,0x000000533f000000)]
  0x0000023ae172a310 JavaThread "Unconstrained build operations Thread 48" [_thread_blocked, id=18416, stack(0x000000533f000000,0x000000533f100000)]
  0x0000023ae172a7e0 JavaThread "Unconstrained build operations Thread 49" [_thread_blocked, id=3892, stack(0x000000533f100000,0x000000533f200000)]
  0x0000023ae172bff0 JavaThread "Unconstrained build operations Thread 50" [_thread_blocked, id=14580, stack(0x000000533f200000,0x000000533f300000)]
  0x0000023ae172c4c0 JavaThread "Unconstrained build operations Thread 51" [_thread_blocked, id=4112, stack(0x000000533f300000,0x000000533f400000)]
  0x0000023ae172c990 JavaThread "Unconstrained build operations Thread 52" [_thread_blocked, id=12608, stack(0x000000533f400000,0x000000533f500000)]
  0x0000023ae172ce60 JavaThread "Unconstrained build operations Thread 53" [_thread_blocked, id=10068, stack(0x000000533f500000,0x000000533f600000)]
  0x0000023ae172f4e0 JavaThread "Unconstrained build operations Thread 54" [_thread_blocked, id=17892, stack(0x000000533f600000,0x000000533f700000)]
  0x0000023ae172d330 JavaThread "Unconstrained build operations Thread 55" [_thread_blocked, id=7268, stack(0x000000533f700000,0x000000533f800000)]
  0x0000023ae172d800 JavaThread "Unconstrained build operations Thread 56" [_thread_blocked, id=8964, stack(0x000000533f800000,0x000000533f900000)]
  0x0000023ae172dcd0 JavaThread "Unconstrained build operations Thread 57" [_thread_blocked, id=20396, stack(0x000000533f900000,0x000000533fa00000)]
  0x0000023ae172e1a0 JavaThread "Unconstrained build operations Thread 58" [_thread_blocked, id=1568, stack(0x000000533fa00000,0x000000533fb00000)]
  0x0000023ae36c0300 JavaThread "Unconstrained build operations Thread 59" [_thread_blocked, id=14124, stack(0x000000533fb00000,0x000000533fc00000)]
  0x0000023ae36c1170 JavaThread "Unconstrained build operations Thread 60" [_thread_blocked, id=7540, stack(0x000000533fc00000,0x000000533fd00000)]
  0x0000023ae36c0ca0 JavaThread "Unconstrained build operations Thread 61" [_thread_blocked, id=10504, stack(0x000000533fd00000,0x000000533fe00000)]
  0x0000023ae36c1640 JavaThread "Unconstrained build operations Thread 62" [_thread_blocked, id=12268, stack(0x000000533fe00000,0x000000533ff00000)]
  0x0000023ae36bfe30 JavaThread "Unconstrained build operations Thread 63" [_thread_blocked, id=16184, stack(0x000000533ff00000,0x0000005340000000)]
  0x0000023ae36bd7b0 JavaThread "Unconstrained build operations Thread 64" [_thread_blocked, id=5760, stack(0x0000005340000000,0x0000005340100000)]
  0x0000023ae36beaf0 JavaThread "Unconstrained build operations Thread 65" [_thread_blocked, id=11744, stack(0x0000005340100000,0x0000005340200000)]
  0x0000023ae36bc470 JavaThread "Unconstrained build operations Thread 66" [_thread_blocked, id=19664, stack(0x0000005340200000,0x0000005340300000)]
  0x0000023ae36b9df0 JavaThread "Unconstrained build operations Thread 67" [_thread_blocked, id=8944, stack(0x0000005340300000,0x0000005340400000)]
  0x0000023ae36ba2c0 JavaThread "Unconstrained build operations Thread 68" [_thread_blocked, id=13616, stack(0x0000005340400000,0x0000005340500000)]
  0x0000023ae36bdc80 JavaThread "Unconstrained build operations Thread 69" [_thread_blocked, id=19556, stack(0x0000005340500000,0x0000005340600000)]
  0x0000023ae36ba790 JavaThread "Unconstrained build operations Thread 70" [_thread_blocked, id=10852, stack(0x0000005340600000,0x0000005340700000)]
  0x0000023ae36bac60 JavaThread "Unconstrained build operations Thread 71" [_thread_blocked, id=5228, stack(0x0000005340700000,0x0000005340800000)]
  0x0000023ae36bf490 JavaThread "Unconstrained build operations Thread 72" [_thread_blocked, id=18480, stack(0x0000005340800000,0x0000005340900000)]
  0x0000023ae36be150 JavaThread "Unconstrained build operations Thread 73" [_thread_blocked, id=14240, stack(0x0000005340900000,0x0000005340a00000)]
  0x0000023ae36bce10 JavaThread "Unconstrained build operations Thread 74" [_thread_blocked, id=7796, stack(0x0000005340a00000,0x0000005340b00000)]
  0x0000023ae36befc0 JavaThread "Unconstrained build operations Thread 75" [_thread_blocked, id=19796, stack(0x0000005340b00000,0x0000005340c00000)]
  0x0000023ae36c07d0 JavaThread "Unconstrained build operations Thread 76" [_thread_blocked, id=13156, stack(0x0000005340c00000,0x0000005340d00000)]
  0x0000023ae36bb130 JavaThread "Unconstrained build operations Thread 77" [_thread_blocked, id=7772, stack(0x0000005340d00000,0x0000005340e00000)]
  0x0000023ae36bd2e0 JavaThread "Unconstrained build operations Thread 78" [_thread_blocked, id=4880, stack(0x0000005340e00000,0x0000005340f00000)]
  0x0000023ae36be620 JavaThread "Unconstrained build operations Thread 79" [_thread_blocked, id=11232, stack(0x0000005340f00000,0x0000005341000000)]
  0x0000023ae36bb600 JavaThread "Unconstrained build operations Thread 80" [_thread_blocked, id=3160, stack(0x0000005341000000,0x0000005341100000)]
  0x0000023ae36bc940 JavaThread "Unconstrained build operations Thread 81" [_thread_blocked, id=1028, stack(0x0000005341100000,0x0000005341200000)]
  0x0000023ae36bf960 JavaThread "Unconstrained build operations Thread 82" [_thread_blocked, id=20272, stack(0x0000005341200000,0x0000005341300000)]
  0x0000023ae36bbad0 JavaThread "Unconstrained build operations Thread 83" [_thread_blocked, id=1960, stack(0x0000005341300000,0x0000005341400000)]
  0x0000023ae36bbfa0 JavaThread "Unconstrained build operations Thread 84" [_thread_blocked, id=6560, stack(0x0000005341400000,0x0000005341500000)]
  0x0000023ae1704800 JavaThread "Unconstrained build operations Thread 85" [_thread_blocked, id=11160, stack(0x0000005341500000,0x0000005341600000)]
  0x0000023ae1709500 JavaThread "Unconstrained build operations Thread 86" [_thread_blocked, id=16616, stack(0x0000005341600000,0x0000005341700000)]
  0x0000023ae170a840 JavaThread "Unconstrained build operations Thread 87" [_thread_blocked, id=16276, stack(0x0000005341700000,0x0000005341800000)]
  0x0000023ae1706e80 JavaThread "Unconstrained build operations Thread 88" [_thread_blocked, id=15688, stack(0x0000005341800000,0x0000005341900000)]
  0x0000023ae1707820 JavaThread "Unconstrained build operations Thread 89" [_thread_blocked, id=3200, stack(0x0000005341900000,0x0000005341a00000)]
  0x0000023ae1709030 JavaThread "Unconstrained build operations Thread 90" [_thread_blocked, id=19976, stack(0x0000005341a00000,0x0000005341b00000)]
  0x0000023ae1707cf0 JavaThread "Unconstrained build operations Thread 91" [_thread_blocked, id=16580, stack(0x0000005341b00000,0x0000005341c00000)]
  0x0000023ae17099d0 JavaThread "Unconstrained build operations Thread 92" [_thread_blocked, id=13652, stack(0x0000005341c00000,0x0000005341d00000)]
  0x0000023ae17064e0 JavaThread "Unconstrained build operations Thread 93" [_thread_blocked, id=18164, stack(0x0000005341d00000,0x0000005341e00000)]
  0x0000023ae17081c0 JavaThread "Unconstrained build operations Thread 94" [_thread_blocked, id=15968, stack(0x0000005341e00000,0x0000005341f00000)]
  0x0000023ae1708690 JavaThread "Unconstrained build operations Thread 95" [_thread_blocked, id=5404, stack(0x0000005341f00000,0x0000005342000000)]
  0x0000023ae1705b40 JavaThread "Unconstrained build operations Thread 96" [_thread_blocked, id=3068, stack(0x0000005342000000,0x0000005342100000)]
  0x0000023ae1708b60 JavaThread "Unconstrained build operations Thread 97" [_thread_blocked, id=11308, stack(0x0000005342100000,0x0000005342200000)]
  0x0000023ae1709ea0 JavaThread "Unconstrained build operations Thread 98" [_thread_blocked, id=11468, stack(0x0000005342200000,0x0000005342300000)]
  0x0000023ae170a370 JavaThread "Unconstrained build operations Thread 99" [_thread_blocked, id=18764, stack(0x0000005342300000,0x0000005342400000)]
  0x0000023ae170b1e0 JavaThread "Unconstrained build operations Thread 100" [_thread_blocked, id=13140, stack(0x0000005342400000,0x0000005342500000)]
  0x0000023ae170ad10 JavaThread "Unconstrained build operations Thread 101" [_thread_blocked, id=18836, stack(0x0000005342500000,0x0000005342600000)]
  0x0000023ae170b6b0 JavaThread "Unconstrained build operations Thread 102" [_thread_blocked, id=7688, stack(0x0000005342600000,0x0000005342700000)]
  0x0000023ae170c050 JavaThread "Unconstrained build operations Thread 103" [_thread_blocked, id=6300, stack(0x0000005342700000,0x0000005342800000)]
  0x0000023ae17069b0 JavaThread "Unconstrained build operations Thread 104" [_thread_blocked, id=11464, stack(0x0000005342800000,0x0000005342900000)]
  0x0000023ae1704cd0 JavaThread "Unconstrained build operations Thread 105" [_thread_blocked, id=14896, stack(0x0000005342900000,0x0000005342a00000)]
  0x0000023ae17051a0 JavaThread "Unconstrained build operations Thread 106" [_thread_blocked, id=1916, stack(0x0000005342a00000,0x0000005342b00000)]
  0x0000023ae1707350 JavaThread "Unconstrained build operations Thread 107" [_thread_blocked, id=20228, stack(0x0000005342b00000,0x0000005342c00000)]
  0x0000023ae170bb80 JavaThread "Unconstrained build operations Thread 108" [_thread_blocked, id=19352, stack(0x0000005342c00000,0x0000005342d00000)]
  0x0000023ae1705670 JavaThread "Unconstrained build operations Thread 109" [_thread_blocked, id=15732, stack(0x0000005342d00000,0x0000005342e00000)]
  0x0000023ae1706010 JavaThread "Unconstrained build operations Thread 110" [_thread_blocked, id=12920, stack(0x0000005342e00000,0x0000005342f00000)]
  0x0000023ae6960c60 JavaThread "Unconstrained build operations Thread 111" [_thread_blocked, id=2636, stack(0x0000005342f00000,0x0000005343000000)]
  0x0000023ae69637b0 JavaThread "Unconstrained build operations Thread 112" [_thread_blocked, id=4088, stack(0x0000005343000000,0x0000005343100000)]
  0x0000023ae6963c80 JavaThread "Unconstrained build operations Thread 113" [_thread_blocked, id=13088, stack(0x0000005343100000,0x0000005343200000)]
  0x0000023ae6966ca0 JavaThread "Unconstrained build operations Thread 114" [_thread_blocked, id=2760, stack(0x0000005343200000,0x0000005343300000)]
  0x0000023ae6964fc0 JavaThread "Unconstrained build operations Thread 115" [_thread_blocked, id=20240, stack(0x0000005343300000,0x0000005343400000)]
  0x0000023ae6962940 JavaThread "Unconstrained build operations Thread 116" [_thread_blocked, id=8584, stack(0x0000005343400000,0x0000005343500000)]
  0x0000023ae6961ad0 JavaThread "Unconstrained build operations Thread 117" [_thread_blocked, id=13328, stack(0x0000005343500000,0x0000005343600000)]
  0x0000023ae6964150 JavaThread "Unconstrained build operations Thread 118" [_thread_blocked, id=18888, stack(0x0000005343600000,0x0000005343700000)]
  0x0000023ae6961130 JavaThread "Unconstrained build operations Thread 119" [_thread_blocked, id=7948, stack(0x0000005343700000,0x0000005343800000)]
  0x0000023ae6965490 JavaThread "Unconstrained build operations Thread 120" [_thread_blocked, id=13192, stack(0x0000005343800000,0x0000005343900000)]
  0x0000023ae69667d0 JavaThread "Unconstrained build operations Thread 121" [_thread_blocked, id=16680, stack(0x0000005343900000,0x0000005343a00000)]
  0x0000023ae6965960 JavaThread "Unconstrained build operations Thread 122" [_thread_blocked, id=3156, stack(0x0000005343a00000,0x0000005343b00000)]
  0x0000023ae695f920 JavaThread "Unconstrained build operations Thread 123" [_thread_blocked, id=17188, stack(0x0000005343b00000,0x0000005343c00000)]
  0x0000023ae6965e30 JavaThread "Unconstrained build operations Thread 124" [_thread_blocked, id=13412, stack(0x0000005343c00000,0x0000005343d00000)]
  0x0000023ae6961600 JavaThread "Unconstrained build operations Thread 125" [_thread_blocked, id=16860, stack(0x0000005343d00000,0x0000005343e00000)]
  0x0000023ae6967170 JavaThread "Unconstrained build operations Thread 126" [_thread_blocked, id=15824, stack(0x0000005343e00000,0x0000005343f00000)]
  0x0000023ae695fdf0 JavaThread "Unconstrained build operations Thread 127" [_thread_blocked, id=6140, stack(0x0000005343f00000,0x0000005344000000)]
  0x0000023ae69602c0 JavaThread "Unconstrained build operations Thread 128" [_thread_blocked, id=11000, stack(0x0000005344000000,0x0000005344100000)]
  0x0000023ae6961fa0 JavaThread "Unconstrained build operations Thread 129" [_thread_blocked, id=3788, stack(0x0000005344100000,0x0000005344200000)]
  0x0000023ae6966300 JavaThread "Unconstrained build operations Thread 130" [_thread_blocked, id=4076, stack(0x0000005344200000,0x0000005344300000)]
  0x0000023ae6960790 JavaThread "Unconstrained build operations Thread 131" [_thread_blocked, id=10312, stack(0x0000005344300000,0x0000005344400000)]
  0x0000023ae6964620 JavaThread "Unconstrained build operations Thread 132" [_thread_blocked, id=14000, stack(0x0000005344400000,0x0000005344500000)]
  0x0000023ae6962e10 JavaThread "Unconstrained build operations Thread 133" [_thread_blocked, id=16372, stack(0x0000005344500000,0x0000005344600000)]
  0x0000023ae6962470 JavaThread "Unconstrained build operations Thread 134" [_thread_blocked, id=20384, stack(0x0000005344600000,0x0000005344700000)]
  0x0000023ae69632e0 JavaThread "Unconstrained build operations Thread 135" [_thread_blocked, id=13064, stack(0x0000005344700000,0x0000005344800000)]
  0x0000023ae6964af0 JavaThread "Unconstrained build operations Thread 136" [_thread_blocked, id=18068, stack(0x0000005344800000,0x0000005344900000)]
  0x0000023ae6e54820 JavaThread "Unconstrained build operations Thread 137" [_thread_blocked, id=18956, stack(0x0000005344900000,0x0000005344a00000)]
  0x0000023ae6e57370 JavaThread "Unconstrained build operations Thread 138" [_thread_blocked, id=12436, stack(0x0000005344a00000,0x0000005344b00000)]
  0x0000023ae6e54cf0 JavaThread "Unconstrained build operations Thread 139" [_thread_blocked, id=11612, stack(0x0000005344b00000,0x0000005344c00000)]
  0x0000023ae6e55690 JavaThread "Unconstrained build operations Thread 140" [_thread_blocked, id=11152, stack(0x0000005344c00000,0x0000005344d00000)]
  0x0000023ae6e5b200 JavaThread "Unconstrained build operations Thread 141" [_thread_blocked, id=8956, stack(0x0000005344d00000,0x0000005344e00000)]
  0x0000023ae6e569d0 JavaThread "Unconstrained build operations Thread 142" [_thread_blocked, id=7512, stack(0x0000005344e00000,0x0000005344f00000)]
  0x0000023ae6e551c0 JavaThread "Unconstrained build operations Thread 143" [_thread_blocked, id=11932, stack(0x0000005344f00000,0x0000005345000000)]
  0x0000023ae6e55b60 JavaThread "Unconstrained build operations Thread 144" [_thread_blocked, id=14908, stack(0x0000005345000000,0x0000005345100000)]
  0x0000023ae6e56030 JavaThread "Unconstrained build operations Thread 145" [_thread_blocked, id=11132, stack(0x0000005345100000,0x0000005345200000)]
  0x0000023ae6e54350 JavaThread "Unconstrained build operations Thread 146" [_thread_blocked, id=19916, stack(0x0000005345200000,0x0000005345300000)]
  0x0000023ae6e5ad30 JavaThread "Unconstrained build operations Thread 147" [_thread_blocked, id=19348, stack(0x0000005345300000,0x0000005345400000)]
  0x0000023ae6e56500 JavaThread "Unconstrained build operations Thread 148" [_thread_blocked, id=19956, stack(0x0000005345400000,0x0000005345500000)]
  0x0000023ae6e599f0 JavaThread "Unconstrained build operations Thread 149" [_thread_blocked, id=10696, stack(0x0000005345500000,0x0000005345600000)]
  0x0000023ae6e56ea0 JavaThread "jar transforms Thread 6" [_thread_blocked, id=15848, stack(0x0000005345600000,0x0000005345700000)]
  0x0000023ae6e57d10 JavaThread "jar transforms Thread 7" [_thread_blocked, id=14332, stack(0x0000005345700000,0x0000005345800000)]
  0x0000023ae6e57840 JavaThread "jar transforms Thread 8" [_thread_blocked, id=3916, stack(0x0000005345800000,0x0000005345900000)]
  0x0000023ae6e581e0 JavaThread "jar transforms Thread 9" [_thread_blocked, id=7960, stack(0x0000005345900000,0x0000005345a00000)]
  0x0000023ae6e586b0 JavaThread "jar transforms Thread 10" [_thread_blocked, id=19792, stack(0x0000005345a00000,0x0000005345b00000)]
  0x0000023ae6e58b80 JavaThread "jar transforms Thread 11" [_thread_blocked, id=20380, stack(0x0000005345b00000,0x0000005345c00000)]
  0x0000023ae6e53e80 JavaThread "jar transforms Thread 12" [_thread_blocked, id=20092, stack(0x0000005345c00000,0x0000005345d00000)]
  0x0000023ae6e59ec0 JavaThread "jar transforms Thread 13" [_thread_blocked, id=8504, stack(0x0000005345d00000,0x0000005345e00000)]
  0x0000023ae6e59050 JavaThread "jar transforms Thread 14" [_thread_blocked, id=8172, stack(0x0000005345e00000,0x0000005345f00000)]
  0x0000023ae6e59520 JavaThread "jar transforms Thread 15" [_thread_blocked, id=18360, stack(0x0000005345f00000,0x0000005346000000)]
  0x0000023ae6e5a390 JavaThread "jar transforms Thread 16" [_thread_blocked, id=16228, stack(0x0000005346000000,0x0000005346100000)]
  0x0000023ae6e5b6d0 JavaThread "build event listener" [_thread_blocked, id=5184, stack(0x000000533ba00000,0x000000533bb00000)]
  0x0000023ae4478a20 JavaThread "Memory manager" [_thread_blocked, id=14992, stack(0x0000005346100000,0x0000005346200000)]
  0x0000023ae4414d70 JavaThread "C2 CompilerThread3" daemon [_thread_blocked, id=11936, stack(0x000000533af00000,0x000000533b000000)]

Other Threads:
=>0x0000023adca7ae30 VMThread "VM Thread" [stack: 0x0000005338200000,0x0000005338300000] [id=1592]
  0x0000023add636df0 WatcherThread [stack: 0x0000005339000000,0x0000005339100000] [id=6380]
  0x0000023ac01f4b00 GCTaskThread "GC Thread#0" [stack: 0x0000005337d00000,0x0000005337e00000] [id=2168]
  0x0000023ade393520 GCTaskThread "GC Thread#1" [stack: 0x0000005339400000,0x0000005339500000] [id=2976]
  0x0000023ade3937d0 GCTaskThread "GC Thread#2" [stack: 0x0000005339500000,0x0000005339600000] [id=20332]
  0x0000023addd89680 GCTaskThread "GC Thread#3" [stack: 0x0000005339600000,0x0000005339700000] [id=12804]
  0x0000023addd89930 GCTaskThread "GC Thread#4" [stack: 0x0000005339700000,0x0000005339800000] [id=20340]
  0x0000023ade628fd0 GCTaskThread "GC Thread#5" [stack: 0x0000005339300000,0x0000005339400000] [id=16692]
  0x0000023aded968b0 GCTaskThread "GC Thread#6" [stack: 0x000000533a300000,0x000000533a400000] [id=10492]
  0x0000023add8e5cb0 GCTaskThread "GC Thread#7" [stack: 0x000000533a400000,0x000000533a500000] [id=10736]
  0x0000023add8e5f60 GCTaskThread "GC Thread#8" [stack: 0x000000533a500000,0x000000533a600000] [id=7752]
  0x0000023ade60b030 GCTaskThread "GC Thread#9" [stack: 0x000000533a600000,0x000000533a700000] [id=9620]
  0x0000023ade6ba090 GCTaskThread "GC Thread#10" [stack: 0x000000533a700000,0x000000533a800000] [id=19340]
  0x0000023ade6ba8a0 GCTaskThread "GC Thread#11" [stack: 0x000000533a800000,0x000000533a900000] [id=13636]
  0x0000023ade6ba5f0 GCTaskThread "GC Thread#12" [stack: 0x000000533a900000,0x000000533aa00000] [id=3496]
  0x0000023ac0206a50 ConcurrentGCThread "G1 Main Marker" [stack: 0x0000005337e00000,0x0000005337f00000] [id=10080]
  0x0000023ac0207c00 ConcurrentGCThread "G1 Conc#0" [stack: 0x0000005337f00000,0x0000005338000000] [id=19436]
  0x0000023ade6ba340 ConcurrentGCThread "G1 Conc#1" [stack: 0x000000533aa00000,0x000000533ab00000] [id=2468]
  0x0000023ade6b9b30 ConcurrentGCThread "G1 Conc#2" [stack: 0x000000533ab00000,0x000000533ac00000] [id=7956]
  0x0000023ac025ec20 ConcurrentGCThread "G1 Refine#0" [stack: 0x0000005338000000,0x0000005338100000] [id=3368]
  0x0000023adc91b0f0 ConcurrentGCThread "G1 Service" [stack: 0x0000005338100000,0x0000005338200000] [id=19628]

Threads with active compile tasks:
C2 CompilerThread0     7443 10525       4       java.lang.Class::getMethodsRecursive (99 bytes)
C1 CompilerThread2     7443 10552       3       java.beans.MethodDescriptor::<init> (111 bytes)
C2 CompilerThread1     7443 10545       4       groovy.lang.MetaClassImpl$1MOPIter::methodNameAction (325 bytes)
C2 CompilerThread2     7443 10550       4       java.lang.reflect.Method::getGenericParameterTypes (5 bytes)
C1 CompilerThread3     7443 10551       3       java.beans.MethodDescriptor::resolve (32 bytes)
C2 CompilerThread3     7443 10547   !   4       java.lang.Class::getTypeName (59 bytes)

VM state: at safepoint (normal execution)

VM Mutex/Monitor currently owned by a thread:  ([mutex/lock_event])
[0x0000023ac01938c0] Threads_lock - owner thread: 0x0000023adca7ae30
[0x0000023ac0192b40] Heap_lock - owner thread: 0x0000023ae0862370

Heap address: 0x0000000080000000, size: 2048 MB, Compressed Oops mode: 32-bit

CDS archive(s) not mapped
Compressed class space mapped at: 0x0000000100000000-0x0000000140000000, reserved size: 1073741824
Narrow klass base: 0x0000000000000000, Narrow klass shift: 3, Narrow klass range: 0x140000000

GC Precious Log:
 CPUs: 16 total, 16 available
 Memory: 15713M
 Large Page Support: Disabled
 NUMA Support: Disabled
 Compressed Oops: Enabled (32-bit)
 Heap Region Size: 1M
 Heap Min Capacity: 8M
 Heap Initial Capacity: 246M
 Heap Max Capacity: 2G
 Pre-touch: Disabled
 Parallel Workers: 13
 Concurrent Workers: 3
 Concurrent Refinement Workers: 13
 Periodic GC: Disabled

Heap:
 garbage-first heap   total 149504K, used 80696K [0x0000000080000000, 0x0000000100000000)
  region size 1024K, 1 young (1024K), 1 survivors (1024K)
 Metaspace       used 93150K, committed 93824K, reserved 1130496K
  class space    used 12632K, committed 12928K, reserved 1048576K

Heap Regions: E=young(eden), S=young(survivor), O=old, HS=humongous(starts), HC=humongous(continues), CS=collection set, F=free, OA=open archive, CA=closed archive, TAMS=top-at-mark-start (previous, next)
|   0|0x0000000080000000, 0x0000000080100000, 0x0000000080100000|100%|HS|  |TAMS 0x0000000080100000, 0x0000000080000000| Complete 
|   1|0x0000000080100000, 0x0000000080200000, 0x0000000080200000|100%|HC|  |TAMS 0x0000000080200000, 0x0000000080100000| Complete 
|   2|0x0000000080200000, 0x0000000080300000, 0x0000000080300000|100%|HC|  |TAMS 0x0000000080300000, 0x0000000080200000| Complete 
|   3|0x0000000080300000, 0x0000000080400000, 0x0000000080400000|100%|HC|  |TAMS 0x0000000080400000, 0x0000000080300000| Complete 
|   4|0x0000000080400000, 0x0000000080500000, 0x0000000080500000|100%| O|  |TAMS 0x0000000080500000, 0x0000000080400000| Untracked 
|   5|0x0000000080500000, 0x0000000080600000, 0x0000000080600000|100%| O|  |TAMS 0x0000000080600000, 0x0000000080500000| Untracked 
|   6|0x0000000080600000, 0x0000000080700000, 0x0000000080700000|100%| O|  |TAMS 0x0000000080700000, 0x0000000080600000| Untracked 
|   7|0x0000000080700000, 0x0000000080800000, 0x0000000080800000|100%| O|  |TAMS 0x0000000080800000, 0x0000000080700000| Untracked 
|   8|0x0000000080800000, 0x0000000080900000, 0x0000000080900000|100%| O|  |TAMS 0x0000000080900000, 0x0000000080800000| Untracked 
|   9|0x0000000080900000, 0x0000000080a00000, 0x0000000080a00000|100%| O|  |TAMS 0x0000000080a00000, 0x0000000080900000| Untracked 
|  10|0x0000000080a00000, 0x0000000080b00000, 0x0000000080b00000|100%| O|  |TAMS 0x0000000080b00000, 0x0000000080a00000| Untracked 
|  11|0x0000000080b00000, 0x0000000080c00000, 0x0000000080c00000|100%| O|  |TAMS 0x0000000080c00000, 0x0000000080b00000| Untracked 
|  12|0x0000000080c00000, 0x0000000080d00000, 0x0000000080d00000|100%| O|  |TAMS 0x0000000080d00000, 0x0000000080c00000| Untracked 
|  13|0x0000000080d00000, 0x0000000080e00000, 0x0000000080e00000|100%| O|  |TAMS 0x0000000080e00000, 0x0000000080d00000| Untracked 
|  14|0x0000000080e00000, 0x0000000080f00000, 0x0000000080f00000|100%| O|  |TAMS 0x0000000080f00000, 0x0000000080e00000| Untracked 
|  15|0x0000000080f00000, 0x0000000081000000, 0x0000000081000000|100%| O|  |TAMS 0x0000000081000000, 0x0000000080f00000| Untracked 
|  16|0x0000000081000000, 0x0000000081100000, 0x0000000081100000|100%| O|  |TAMS 0x0000000081100000, 0x0000000081000000| Untracked 
|  17|0x0000000081100000, 0x0000000081200000, 0x0000000081200000|100%| O|  |TAMS 0x0000000081200000, 0x0000000081100000| Untracked 
|  18|0x0000000081200000, 0x0000000081300000, 0x0000000081300000|100%| O|  |TAMS 0x0000000081300000, 0x0000000081200000| Untracked 
|  19|0x0000000081300000, 0x0000000081400000, 0x0000000081400000|100%| O|  |TAMS 0x0000000081400000, 0x0000000081300000| Untracked 
|  20|0x0000000081400000, 0x0000000081500000, 0x0000000081500000|100%| O|  |TAMS 0x0000000081500000, 0x0000000081400000| Untracked 
|  21|0x0000000081500000, 0x0000000081600000, 0x0000000081600000|100%| O|  |TAMS 0x0000000081600000, 0x0000000081500000| Untracked 
|  22|0x0000000081600000, 0x0000000081700000, 0x0000000081700000|100%| O|  |TAMS 0x0000000081700000, 0x0000000081600000| Untracked 
|  23|0x0000000081700000, 0x0000000081800000, 0x0000000081800000|100%| O|  |TAMS 0x0000000081800000, 0x0000000081700000| Untracked 
|  24|0x0000000081800000, 0x0000000081900000, 0x0000000081900000|100%| O|  |TAMS 0x0000000081900000, 0x0000000081800000| Untracked 
|  25|0x0000000081900000, 0x0000000081a00000, 0x0000000081a00000|100%| O|  |TAMS 0x0000000081a00000, 0x0000000081900000| Untracked 
|  26|0x0000000081a00000, 0x0000000081b00000, 0x0000000081b00000|100%| O|  |TAMS 0x0000000081b00000, 0x0000000081a00000| Untracked 
|  27|0x0000000081b00000, 0x0000000081b00000, 0x0000000081c00000|  0%| F|  |TAMS 0x0000000081b00000, 0x0000000081b00000| Untracked 
|  28|0x0000000081c00000, 0x0000000081d00000, 0x0000000081d00000|100%| O|  |TAMS 0x0000000081d00000, 0x0000000081c00000| Untracked 
|  29|0x0000000081d00000, 0x0000000081e00000, 0x0000000081e00000|100%| O|  |TAMS 0x0000000081e00000, 0x0000000081d00000| Untracked 
|  30|0x0000000081e00000, 0x0000000081f00000, 0x0000000081f00000|100%| O|  |TAMS 0x0000000081f00000, 0x0000000081e00000| Untracked 
|  31|0x0000000081f00000, 0x0000000082000000, 0x0000000082000000|100%| O|  |TAMS 0x0000000082000000, 0x0000000081f00000| Untracked 
|  32|0x0000000082000000, 0x0000000082100000, 0x0000000082100000|100%|HS|  |TAMS 0x0000000082100000, 0x0000000082000000| Complete 
|  33|0x0000000082100000, 0x0000000082200000, 0x0000000082200000|100%|HS|  |TAMS 0x0000000082200000, 0x0000000082100000| Complete 
|  34|0x0000000082200000, 0x0000000082300000, 0x0000000082300000|100%|HS|  |TAMS 0x0000000082300000, 0x0000000082200000| Complete 
|  35|0x0000000082300000, 0x0000000082400000, 0x0000000082400000|100%|HC|  |TAMS 0x0000000082400000, 0x0000000082300000| Complete 
|  36|0x0000000082400000, 0x0000000082500000, 0x0000000082500000|100%|HS|  |TAMS 0x0000000082500000, 0x0000000082400000| Complete 
|  37|0x0000000082500000, 0x0000000082600000, 0x0000000082600000|100%| O|  |TAMS 0x0000000082600000, 0x0000000082500000| Untracked 
|  38|0x0000000082600000, 0x0000000082700000, 0x0000000082700000|100%| O|  |TAMS 0x0000000082700000, 0x0000000082600000| Untracked 
|  39|0x0000000082700000, 0x0000000082800000, 0x0000000082800000|100%| O|  |TAMS 0x0000000082800000, 0x0000000082700000| Untracked 
|  40|0x0000000082800000, 0x0000000082900000, 0x0000000082900000|100%| O|  |TAMS 0x0000000082900000, 0x0000000082800000| Untracked 
|  41|0x0000000082900000, 0x0000000082a00000, 0x0000000082a00000|100%| O|  |TAMS 0x0000000082a00000, 0x0000000082900000| Untracked 
|  42|0x0000000082a00000, 0x0000000082b00000, 0x0000000082b00000|100%|HS|  |TAMS 0x0000000082b00000, 0x0000000082a00000| Complete 
|  43|0x0000000082b00000, 0x0000000082c00000, 0x0000000082c00000|100%|HC|  |TAMS 0x0000000082c00000, 0x0000000082b00000| Complete 
|  44|0x0000000082c00000, 0x0000000082d00000, 0x0000000082d00000|100%|HC|  |TAMS 0x0000000082d00000, 0x0000000082c00000| Complete 
|  45|0x0000000082d00000, 0x0000000082e00000, 0x0000000082e00000|100%|HC|  |TAMS 0x0000000082e00000, 0x0000000082d00000| Complete 
|  46|0x0000000082e00000, 0x0000000082f00000, 0x0000000082f00000|100%| O|  |TAMS 0x0000000082f00000, 0x0000000082e00000| Untracked 
|  47|0x0000000082f00000, 0x0000000083000000, 0x0000000083000000|100%| O|  |TAMS 0x0000000083000000, 0x0000000082f00000| Untracked 
|  48|0x0000000083000000, 0x0000000083100000, 0x0000000083100000|100%| O|  |TAMS 0x0000000083100000, 0x0000000083000000| Untracked 
|  49|0x0000000083100000, 0x0000000083200000, 0x0000000083200000|100%| O|  |TAMS 0x0000000083200000, 0x0000000083100000| Untracked 
|  50|0x0000000083200000, 0x0000000083300000, 0x0000000083300000|100%| O|  |TAMS 0x0000000083300000, 0x0000000083200000| Untracked 
|  51|0x0000000083300000, 0x0000000083400000, 0x0000000083400000|100%| O|  |TAMS 0x0000000083400000, 0x0000000083300000| Untracked 
|  52|0x0000000083400000, 0x0000000083500000, 0x0000000083500000|100%| O|  |TAMS 0x0000000083500000, 0x0000000083400000| Untracked 
|  53|0x0000000083500000, 0x0000000083600000, 0x0000000083600000|100%| O|  |TAMS 0x0000000083600000, 0x0000000083500000| Untracked 
|  54|0x0000000083600000, 0x0000000083700000, 0x0000000083700000|100%| O|  |TAMS 0x0000000083700000, 0x0000000083600000| Untracked 
|  55|0x0000000083700000, 0x0000000083800000, 0x0000000083800000|100%| O|  |TAMS 0x0000000083800000, 0x0000000083700000| Untracked 
|  56|0x0000000083800000, 0x0000000083900000, 0x0000000083900000|100%| O|  |TAMS 0x0000000083900000, 0x0000000083800000| Untracked 
|  57|0x0000000083900000, 0x0000000083a00000, 0x0000000083a00000|100%| O|  |TAMS 0x0000000083a00000, 0x0000000083900000| Untracked 
|  58|0x0000000083a00000, 0x0000000083b00000, 0x0000000083b00000|100%| O|  |TAMS 0x0000000083b00000, 0x0000000083a00000| Untracked 
|  59|0x0000000083b00000, 0x0000000083c00000, 0x0000000083c00000|100%| O|  |TAMS 0x0000000083c00000, 0x0000000083b00000| Untracked 
|  60|0x0000000083c00000, 0x0000000083d00000, 0x0000000083d00000|100%| O|  |TAMS 0x0000000083d00000, 0x0000000083c00000| Untracked 
|  61|0x0000000083d00000, 0x0000000083e00000, 0x0000000083e00000|100%| O|  |TAMS 0x0000000083e00000, 0x0000000083d00000| Untracked 
|  62|0x0000000083e00000, 0x0000000083f00000, 0x0000000083f00000|100%| O|  |TAMS 0x0000000083f00000, 0x0000000083e00000| Untracked 
|  63|0x0000000083f00000, 0x0000000084000000, 0x0000000084000000|100%| O|  |TAMS 0x0000000084000000, 0x0000000083f00000| Untracked 
|  64|0x0000000084000000, 0x0000000084100000, 0x0000000084100000|100%| O|  |TAMS 0x0000000084100000, 0x0000000084000000| Untracked 
|  65|0x0000000084100000, 0x0000000084200000, 0x0000000084200000|100%| O|  |TAMS 0x0000000084200000, 0x0000000084100000| Untracked 
|  66|0x0000000084200000, 0x0000000084300000, 0x0000000084300000|100%| O|  |TAMS 0x0000000084300000, 0x0000000084200000| Untracked 
|  67|0x0000000084300000, 0x0000000084400000, 0x0000000084400000|100%| O|  |TAMS 0x00000000843b9400, 0x0000000084300000| Untracked 
|  68|0x0000000084400000, 0x0000000084500000, 0x0000000084500000|100%| O|  |TAMS 0x0000000084400000, 0x0000000084400000| Untracked 
|  69|0x0000000084500000, 0x0000000084600000, 0x0000000084600000|100%| O|  |TAMS 0x0000000084500000, 0x0000000084500000| Untracked 
|  70|0x0000000084600000, 0x0000000084700000, 0x0000000084700000|100%| O|  |TAMS 0x0000000084600000, 0x0000000084600000| Untracked 
|  71|0x0000000084700000, 0x0000000084800000, 0x0000000084800000|100%| O|  |TAMS 0x0000000084700000, 0x0000000084700000| Untracked 
|  72|0x0000000084800000, 0x0000000084900000, 0x0000000084900000|100%| O|  |TAMS 0x0000000084800000, 0x0000000084800000| Untracked 
|  73|0x0000000084900000, 0x0000000084a00000, 0x0000000084a00000|100%| O|  |TAMS 0x0000000084900000, 0x0000000084900000| Untracked 
|  74|0x0000000084a00000, 0x0000000084b00000, 0x0000000084b00000|100%| O|  |TAMS 0x0000000084a00000, 0x0000000084a00000| Untracked 
|  75|0x0000000084b00000, 0x0000000084c00000, 0x0000000084c00000|100%| O|  |TAMS 0x0000000084b00000, 0x0000000084b00000| Untracked 
|  76|0x0000000084c00000, 0x0000000084d00000, 0x0000000084d00000|100%| O|  |TAMS 0x0000000084c00000, 0x0000000084c00000| Untracked 
|  77|0x0000000084d00000, 0x0000000084e00000, 0x0000000084e00000|100%| O|  |TAMS 0x0000000084d00000, 0x0000000084d00000| Untracked 
|  78|0x0000000084e00000, 0x0000000084f00000, 0x0000000084f00000|100%| O|  |TAMS 0x0000000084e00000, 0x0000000084e00000| Untracked 
|  79|0x0000000084f00000, 0x0000000084f36200, 0x0000000085000000| 21%| O|  |TAMS 0x0000000084f00000, 0x0000000084f00000| Untracked 
|  80|0x0000000085000000, 0x0000000085000000, 0x0000000085100000|  0%| F|  |TAMS 0x0000000085000000, 0x0000000085000000| Untracked 
|  81|0x0000000085100000, 0x0000000085100000, 0x0000000085200000|  0%| F|  |TAMS 0x0000000085100000, 0x0000000085100000| Untracked 
|  82|0x0000000085200000, 0x0000000085200000, 0x0000000085300000|  0%| F|  |TAMS 0x0000000085200000, 0x0000000085200000| Untracked 
|  83|0x0000000085300000, 0x0000000085300000, 0x0000000085400000|  0%| F|  |TAMS 0x0000000085300000, 0x0000000085300000| Untracked 
|  84|0x0000000085400000, 0x0000000085400000, 0x0000000085500000|  0%| F|  |TAMS 0x0000000085400000, 0x0000000085400000| Untracked 
|  85|0x0000000085500000, 0x0000000085500000, 0x0000000085600000|  0%| F|  |TAMS 0x0000000085500000, 0x0000000085500000| Untracked 
|  86|0x0000000085600000, 0x0000000085600000, 0x0000000085700000|  0%| F|  |TAMS 0x0000000085600000, 0x0000000085600000| Untracked 
|  87|0x0000000085700000, 0x0000000085700000, 0x0000000085800000|  0%| F|  |TAMS 0x0000000085700000, 0x0000000085700000| Untracked 
|  88|0x0000000085800000, 0x0000000085800000, 0x0000000085900000|  0%| F|  |TAMS 0x0000000085800000, 0x0000000085800000| Untracked 
|  89|0x0000000085900000, 0x0000000085900000, 0x0000000085a00000|  0%| F|  |TAMS 0x0000000085900000, 0x0000000085900000| Untracked 
|  90|0x0000000085a00000, 0x0000000085a00000, 0x0000000085b00000|  0%| F|  |TAMS 0x0000000085a00000, 0x0000000085a00000| Untracked 
|  91|0x0000000085b00000, 0x0000000085b00000, 0x0000000085c00000|  0%| F|  |TAMS 0x0000000085b00000, 0x0000000085b00000| Untracked 
|  92|0x0000000085c00000, 0x0000000085c00000, 0x0000000085d00000|  0%| F|  |TAMS 0x0000000085c00000, 0x0000000085c00000| Untracked 
|  93|0x0000000085d00000, 0x0000000085d00000, 0x0000000085e00000|  0%| F|  |TAMS 0x0000000085d00000, 0x0000000085d00000| Untracked 
|  94|0x0000000085e00000, 0x0000000085e00000, 0x0000000085f00000|  0%| F|  |TAMS 0x0000000085e00000, 0x0000000085e00000| Untracked 
|  95|0x0000000085f00000, 0x0000000085f00000, 0x0000000086000000|  0%| F|  |TAMS 0x0000000085f00000, 0x0000000085f00000| Untracked 
|  96|0x0000000086000000, 0x0000000086000000, 0x0000000086100000|  0%| F|  |TAMS 0x0000000086000000, 0x0000000086000000| Untracked 
|  97|0x0000000086100000, 0x0000000086100000, 0x0000000086200000|  0%| F|  |TAMS 0x0000000086100000, 0x0000000086100000| Untracked 
|  98|0x0000000086200000, 0x0000000086200000, 0x0000000086300000|  0%| F|  |TAMS 0x0000000086200000, 0x0000000086200000| Untracked 
|  99|0x0000000086300000, 0x0000000086300000, 0x0000000086400000|  0%| F|  |TAMS 0x0000000086300000, 0x0000000086300000| Untracked 
| 100|0x0000000086400000, 0x0000000086400000, 0x0000000086500000|  0%| F|  |TAMS 0x0000000086400000, 0x0000000086400000| Untracked 
| 101|0x0000000086500000, 0x0000000086500000, 0x0000000086600000|  0%| F|  |TAMS 0x0000000086500000, 0x0000000086500000| Untracked 
| 102|0x0000000086600000, 0x0000000086600000, 0x0000000086700000|  0%| F|  |TAMS 0x0000000086600000, 0x0000000086600000| Untracked 
| 103|0x0000000086700000, 0x0000000086700000, 0x0000000086800000|  0%| F|  |TAMS 0x0000000086700000, 0x0000000086700000| Untracked 
| 104|0x0000000086800000, 0x0000000086800000, 0x0000000086900000|  0%| F|  |TAMS 0x0000000086800000, 0x0000000086800000| Untracked 
| 105|0x0000000086900000, 0x0000000086900000, 0x0000000086a00000|  0%| F|  |TAMS 0x0000000086900000, 0x0000000086900000| Untracked 
| 106|0x0000000086a00000, 0x0000000086a00000, 0x0000000086b00000|  0%| F|  |TAMS 0x0000000086a00000, 0x0000000086a00000| Untracked 
| 107|0x0000000086b00000, 0x0000000086b00000, 0x0000000086c00000|  0%| F|  |TAMS 0x0000000086b00000, 0x0000000086b00000| Untracked 
| 108|0x0000000086c00000, 0x0000000086c00000, 0x0000000086d00000|  0%| F|  |TAMS 0x0000000086c00000, 0x0000000086c00000| Untracked 
| 109|0x0000000086d00000, 0x0000000086d00000, 0x0000000086e00000|  0%| F|  |TAMS 0x0000000086d00000, 0x0000000086d00000| Untracked 
| 110|0x0000000086e00000, 0x0000000086e00000, 0x0000000086f00000|  0%| F|  |TAMS 0x0000000086e00000, 0x0000000086e00000| Untracked 
| 111|0x0000000086f00000, 0x0000000086f00000, 0x0000000087000000|  0%| F|  |TAMS 0x0000000086f00000, 0x0000000086f00000| Untracked 
| 112|0x0000000087000000, 0x0000000087000000, 0x0000000087100000|  0%| F|  |TAMS 0x0000000087000000, 0x0000000087000000| Untracked 
| 113|0x0000000087100000, 0x0000000087100000, 0x0000000087200000|  0%| F|  |TAMS 0x0000000087100000, 0x0000000087100000| Untracked 
| 114|0x0000000087200000, 0x0000000087200000, 0x0000000087300000|  0%| F|  |TAMS 0x0000000087200000, 0x0000000087200000| Untracked 
| 115|0x0000000087300000, 0x0000000087300000, 0x0000000087400000|  0%| F|  |TAMS 0x0000000087300000, 0x0000000087300000| Untracked 
| 116|0x0000000087400000, 0x0000000087400000, 0x0000000087500000|  0%| F|  |TAMS 0x0000000087400000, 0x0000000087400000| Untracked 
| 117|0x0000000087500000, 0x0000000087500000, 0x0000000087600000|  0%| F|  |TAMS 0x0000000087500000, 0x0000000087500000| Untracked 
| 118|0x0000000087600000, 0x0000000087600000, 0x0000000087700000|  0%| F|  |TAMS 0x0000000087600000, 0x0000000087600000| Untracked 
| 119|0x0000000087700000, 0x0000000087700000, 0x0000000087800000|  0%| F|  |TAMS 0x0000000087700000, 0x0000000087700000| Untracked 
| 120|0x0000000087800000, 0x0000000087800000, 0x0000000087900000|  0%| F|  |TAMS 0x0000000087800000, 0x0000000087800000| Untracked 
| 121|0x0000000087900000, 0x0000000087900000, 0x0000000087a00000|  0%| F|  |TAMS 0x0000000087900000, 0x0000000087900000| Untracked 
| 122|0x0000000087a00000, 0x0000000087a00000, 0x0000000087b00000|  0%| F|  |TAMS 0x0000000087a00000, 0x0000000087a00000| Untracked 
| 123|0x0000000087b00000, 0x0000000087b00000, 0x0000000087c00000|  0%| F|  |TAMS 0x0000000087b00000, 0x0000000087b00000| Untracked 
| 124|0x0000000087c00000, 0x0000000087c00000, 0x0000000087d00000|  0%| F|  |TAMS 0x0000000087c00000, 0x0000000087c00000| Untracked 
| 125|0x0000000087d00000, 0x0000000087d00000, 0x0000000087e00000|  0%| F|  |TAMS 0x0000000087d00000, 0x0000000087d00000| Untracked 
| 126|0x0000000087e00000, 0x0000000087e00000, 0x0000000087f00000|  0%| F|  |TAMS 0x0000000087e00000, 0x0000000087e00000| Untracked 
| 127|0x0000000087f00000, 0x0000000087f00000, 0x0000000088000000|  0%| F|  |TAMS 0x0000000087f00000, 0x0000000087f00000| Untracked 
| 128|0x0000000088000000, 0x0000000088000000, 0x0000000088100000|  0%| F|  |TAMS 0x0000000088000000, 0x0000000088000000| Untracked 
| 129|0x0000000088100000, 0x0000000088100000, 0x0000000088200000|  0%| F|  |TAMS 0x0000000088100000, 0x0000000088100000| Untracked 
| 130|0x0000000088200000, 0x0000000088200000, 0x0000000088300000|  0%| F|  |TAMS 0x0000000088200000, 0x0000000088200000| Untracked 
| 131|0x0000000088300000, 0x0000000088300000, 0x0000000088400000|  0%| F|  |TAMS 0x0000000088300000, 0x0000000088300000| Untracked 
| 132|0x0000000088400000, 0x0000000088400000, 0x0000000088500000|  0%| F|  |TAMS 0x0000000088400000, 0x0000000088400000| Untracked 
| 133|0x0000000088500000, 0x0000000088500000, 0x0000000088600000|  0%| F|  |TAMS 0x0000000088500000, 0x0000000088500000| Untracked 
| 134|0x0000000088600000, 0x0000000088600000, 0x0000000088700000|  0%| F|  |TAMS 0x0000000088600000, 0x0000000088600000| Untracked 
| 135|0x0000000088700000, 0x0000000088700000, 0x0000000088800000|  0%| F|  |TAMS 0x0000000088700000, 0x0000000088700000| Untracked 
| 193|0x000000008c100000, 0x000000008c100000, 0x000000008c200000|  0%| F|  |TAMS 0x000000008c100000, 0x000000008c100000| Untracked 
| 194|0x000000008c200000, 0x000000008c200000, 0x000000008c300000|  0%| F|  |TAMS 0x000000008c200000, 0x000000008c200000| Untracked 
| 195|0x000000008c300000, 0x000000008c300000, 0x000000008c400000|  0%| F|  |TAMS 0x000000008c300000, 0x000000008c300000| Untracked 
| 196|0x000000008c400000, 0x000000008c400000, 0x000000008c500000|  0%| F|  |TAMS 0x000000008c400000, 0x000000008c400000| Untracked 
| 197|0x000000008c500000, 0x000000008c500000, 0x000000008c600000|  0%| F|  |TAMS 0x000000008c500000, 0x000000008c500000| Untracked 
| 198|0x000000008c600000, 0x000000008c600000, 0x000000008c700000|  0%| F|  |TAMS 0x000000008c600000, 0x000000008c600000| Untracked 
| 199|0x000000008c700000, 0x000000008c700000, 0x000000008c800000|  0%| F|  |TAMS 0x000000008c700000, 0x000000008c700000| Untracked 
| 200|0x000000008c800000, 0x000000008c8981f0, 0x000000008c900000| 59%| S|CS|TAMS 0x000000008c800000, 0x000000008c800000| Complete 
| 201|0x000000008c900000, 0x000000008c900000, 0x000000008ca00000|  0%| F|  |TAMS 0x000000008c900000, 0x000000008c900000| Untracked 
| 245|0x000000008f500000, 0x000000008f500000, 0x000000008f600000|  0%| F|  |TAMS 0x000000008f500000, 0x000000008f500000| Untracked 

Card table byte_map: [0x0000023ad51f0000,0x0000023ad55f0000] _byte_map_base: 0x0000023ad4df0000

Marking Bits (Prev, Next): (CMBitMap*) 0x0000023ac01f5110, (CMBitMap*) 0x0000023ac01f5150
 Prev Bits: [0x0000023ad59f0000, 0x0000023ad79f0000)
 Next Bits: [0x0000023ad79f0000, 0x0000023ad99f0000)

Polling page: 0x0000023ac0260000

Metaspace:

Usage:
  Non-class:     78.63 MB used.
      Class:     12.34 MB used.
       Both:     90.97 MB used.

Virtual space:
  Non-class space:       80.00 MB reserved,      79.00 MB ( 99%) committed,  10 nodes.
      Class space:        1.00 GB reserved,      12.62 MB (  1%) committed,  1 nodes.
             Both:        1.08 GB reserved,      91.62 MB (  8%) committed. 

Chunk freelists:
   Non-Class:  255.00 KB
       Class:  3.33 MB
        Both:  3.58 MB

MaxMetaspaceSize: unlimited
CompressedClassSpaceSize: 1.00 GB
Initial GC threshold: 21.00 MB
Current GC threshold: 146.25 MB
CDS: off
MetaspaceReclaimPolicy: balanced
 - commit_granule_bytes: 65536.
 - commit_granule_words: 8192.
 - virtual_space_node_default_size: 1048576.
 - enlarge_chunks_in_place: 1.
 - new_chunks_are_fully_committed: 0.
 - uncommit_free_chunks: 1.
 - use_allocation_guard: 0.
 - handle_deallocations: 1.


Internal statistics:

num_allocs_failed_limit: 6.
num_arena_births: 886.
num_arena_deaths: 0.
num_vsnodes_births: 11.
num_vsnodes_deaths: 0.
num_space_committed: 1466.
num_space_uncommitted: 0.
num_chunks_returned_to_freelist: 6.
num_chunks_taken_from_freelist: 4232.
num_chunk_merges: 6.
num_chunk_splits: 2851.
num_chunks_enlarged: 1974.
num_purges: 0.
num_inconsistent_stats: 0.

CodeHeap 'non-profiled nmethods': size=119168Kb used=5105Kb max_used=5463Kb free=114062Kb
 bounds [0x0000023acc9d0000, 0x0000023accf30000, 0x0000023ad3e30000]
CodeHeap 'profiled nmethods': size=119104Kb used=17267Kb max_used=18550Kb free=101836Kb
 bounds [0x0000023ac4e30000, 0x0000023ac6050000, 0x0000023acc280000]
CodeHeap 'non-nmethods': size=7488Kb used=4076Kb max_used=4124Kb free=3411Kb
 bounds [0x0000023acc280000, 0x0000023acc690000, 0x0000023acc9d0000]
 total_blobs=9969 nmethods=9048 adapters=828
 compilation: enabled
              stopped_count=0, restarted_count=0
 full_count=0

Compilation events (20 events):
Event: 7.394 Thread 0x0000023add548140 10542       3       groovy.lang.MetaClassImpl::getNewMetaMethods (18 bytes)
Event: 7.394 Thread 0x0000023add548650 nmethod 10540 0x0000023ac5951b10 code [0x0000023ac5951d40, 0x0000023ac5952778]
Event: 7.394 Thread 0x0000023add548650 10543       3       org.codehaus.groovy.reflection.CachedClass$3::initValue (194 bytes)
Event: 7.394 Thread 0x0000023add548140 nmethod 10542 0x0000023ac53de710 code [0x0000023ac53de8c0, 0x0000023ac53deae8]
Event: 7.396 Thread 0x0000023add548650 nmethod 10543 0x0000023ac5cf4c10 code [0x0000023ac5cf5000, 0x0000023ac5cf6f18]
Event: 7.397 Thread 0x0000023add78deb0 nmethod 10541 0x0000023acccb6f90 code [0x0000023acccb7140, 0x0000023acccb7538]
Event: 7.398 Thread 0x0000023add8f9fa0 nmethod 10520 0x0000023acccb5910 code [0x0000023acccb5ae0, 0x0000023acccb65b8]
Event: 7.409 Thread 0x0000023ae4414d70 10544       4       java.lang.PublicMethods$MethodList::merge (192 bytes)
Event: 7.410 Thread 0x0000023add78deb0 10545       4       groovy.lang.MetaClassImpl$1MOPIter::methodNameAction (325 bytes)
Event: 7.411 Thread 0x0000023add8f9fa0 10546       4       java.lang.StringBuilder::append (8 bytes)
Event: 7.415 Thread 0x0000023ae4414d70 nmethod 10544 0x0000023accc1dc90 code [0x0000023accc1de20, 0x0000023accc1e378]
Event: 7.416 Thread 0x0000023ae4414d70 10547   !   4       java.lang.Class::getTypeName (59 bytes)
Event: 7.416 Thread 0x0000023add4a4ef0 10548       3       jdk.proxy1.$Proxy36::<init> (6 bytes)
Event: 7.416 Thread 0x0000023addaf8770 10549   !   3       jdk.internal.reflect.GeneratedConstructorAccessor41::newInstance (53 bytes)
Event: 7.416 Thread 0x0000023add4a4ef0 nmethod 10548 0x0000023ac56d6e90 code [0x0000023ac56d7060, 0x0000023ac56d73e8]
Event: 7.417 Thread 0x0000023add8f9fa0 nmethod 10546 0x0000023accc1cf10 code [0x0000023accc1d0c0, 0x0000023accc1d898]
Event: 7.417 Thread 0x0000023addaf8770 nmethod 10549 0x0000023ac5538390 code [0x0000023ac55385c0, 0x0000023ac5538e28]
Event: 7.417 Thread 0x0000023add8f9fa0 10550       4       java.lang.reflect.Method::getGenericParameterTypes (5 bytes)
Event: 7.417 Thread 0x0000023addaf8770 10551       3       java.beans.MethodDescriptor::resolve (32 bytes)
Event: 7.417 Thread 0x0000023add548650 10552       3       java.beans.MethodDescriptor::<init> (111 bytes)

GC Heap History (20 events):
Event: 4.648 GC heap after
{Heap after GC invocations=21 (full 0):
 garbage-first heap   total 97280K, used 56059K [0x0000000080000000, 0x0000000100000000)
  region size 1024K, 1 young (1024K), 1 survivors (1024K)
 Metaspace       used 62383K, committed 62848K, reserved 1105920K
  class space    used 8279K, committed 8512K, reserved 1048576K
}
Event: 4.755 GC heap before
{Heap before GC invocations=21 (full 0):
 garbage-first heap   total 97280K, used 65275K [0x0000000080000000, 0x0000000100000000)
  region size 1024K, 11 young (11264K), 1 survivors (1024K)
 Metaspace       used 64343K, committed 64960K, reserved 1105920K
  class space    used 8514K, committed 8832K, reserved 1048576K
}
Event: 4.756 GC heap after
{Heap after GC invocations=22 (full 0):
 garbage-first heap   total 97280K, used 57280K [0x0000000080000000, 0x0000000100000000)
  region size 1024K, 2 young (2048K), 2 survivors (2048K)
 Metaspace       used 64343K, committed 64960K, reserved 1105920K
  class space    used 8514K, committed 8832K, reserved 1048576K
}
Event: 4.893 GC heap before
{Heap before GC invocations=23 (full 0):
 garbage-first heap   total 119808K, used 83904K [0x0000000080000000, 0x0000000100000000)
  region size 1024K, 22 young (22528K), 2 survivors (2048K)
 Metaspace       used 65409K, committed 66048K, reserved 1105920K
  class space    used 8655K, committed 8960K, reserved 1048576K
}
Event: 4.894 GC heap after
{Heap after GC invocations=24 (full 0):
 garbage-first heap   total 119808K, used 59369K [0x0000000080000000, 0x0000000100000000)
  region size 1024K, 3 young (3072K), 3 survivors (3072K)
 Metaspace       used 65409K, committed 66048K, reserved 1105920K
  class space    used 8655K, committed 8960K, reserved 1048576K
}
Event: 4.912 GC heap before
{Heap before GC invocations=24 (full 0):
 garbage-first heap   total 119808K, used 61417K [0x0000000080000000, 0x0000000100000000)
  region size 1024K, 5 young (5120K), 3 survivors (3072K)
 Metaspace       used 65626K, committed 66240K, reserved 1114112K
  class space    used 8685K, committed 8960K, reserved 1048576K
}
Event: 4.914 GC heap after
{Heap after GC invocations=25 (full 0):
 garbage-first heap   total 149504K, used 59332K [0x0000000080000000, 0x0000000100000000)
  region size 1024K, 1 young (1024K), 1 survivors (1024K)
 Metaspace       used 65626K, committed 66240K, reserved 1114112K
  class space    used 8685K, committed 8960K, reserved 1048576K
}
Event: 5.321 GC heap before
{Heap before GC invocations=25 (full 0):
 garbage-first heap   total 149504K, used 103364K [0x0000000080000000, 0x0000000100000000)
  region size 1024K, 44 young (45056K), 1 survivors (1024K)
 Metaspace       used 69869K, committed 70464K, reserved 1114112K
  class space    used 9238K, committed 9536K, reserved 1048576K
}
Event: 5.323 GC heap after
{Heap after GC invocations=26 (full 0):
 garbage-first heap   total 149504K, used 62287K [0x0000000080000000, 0x0000000100000000)
  region size 1024K, 4 young (4096K), 4 survivors (4096K)
 Metaspace       used 69869K, committed 70464K, reserved 1114112K
  class space    used 9238K, committed 9536K, reserved 1048576K
}
Event: 5.721 GC heap before
{Heap before GC invocations=26 (full 0):
 garbage-first heap   total 149504K, used 108367K [0x0000000080000000, 0x0000000100000000)
  region size 1024K, 49 young (50176K), 4 survivors (4096K)
 Metaspace       used 75679K, committed 76352K, reserved 1122304K
  class space    used 9990K, committed 10304K, reserved 1048576K
}
Event: 5.725 GC heap after
{Heap after GC invocations=27 (full 0):
 garbage-first heap   total 149504K, used 65644K [0x0000000080000000, 0x0000000100000000)
  region size 1024K, 7 young (7168K), 7 survivors (7168K)
 Metaspace       used 75679K, committed 76352K, reserved 1122304K
  class space    used 9990K, committed 10304K, reserved 1048576K
}
Event: 6.073 GC heap before
{Heap before GC invocations=27 (full 0):
 garbage-first heap   total 149504K, used 112748K [0x0000000080000000, 0x0000000100000000)
  region size 1024K, 53 young (54272K), 7 survivors (7168K)
 Metaspace       used 78757K, committed 79360K, reserved 1122304K
  class space    used 10423K, committed 10688K, reserved 1048576K
}
Event: 6.079 GC heap after
{Heap after GC invocations=28 (full 0):
 garbage-first heap   total 149504K, used 69479K [0x0000000080000000, 0x0000000100000000)
  region size 1024K, 7 young (7168K), 7 survivors (7168K)
 Metaspace       used 78757K, committed 79360K, reserved 1122304K
  class space    used 10423K, committed 10688K, reserved 1048576K
}
Event: 6.518 GC heap before
{Heap before GC invocations=28 (full 0):
 garbage-first heap   total 149504K, used 115559K [0x0000000080000000, 0x0000000100000000)
  region size 1024K, 52 young (53248K), 7 survivors (7168K)
 Metaspace       used 84050K, committed 84672K, reserved 1130496K
  class space    used 11361K, committed 11648K, reserved 1048576K
}
Event: 6.523 GC heap after
{Heap after GC invocations=29 (full 0):
 garbage-first heap   total 149504K, used 72621K [0x0000000080000000, 0x0000000100000000)
  region size 1024K, 4 young (4096K), 4 survivors (4096K)
 Metaspace       used 84050K, committed 84672K, reserved 1130496K
  class space    used 11361K, committed 11648K, reserved 1048576K
}
Event: 6.987 GC heap before
{Heap before GC invocations=29 (full 0):
 garbage-first heap   total 149504K, used 117677K [0x0000000080000000, 0x0000000100000000)
  region size 1024K, 48 young (49152K), 4 survivors (4096K)
 Metaspace       used 88948K, committed 89536K, reserved 1130496K
  class space    used 12083K, committed 12352K, reserved 1048576K
}
Event: 6.991 GC heap after
{Heap after GC invocations=30 (full 0):
 garbage-first heap   total 149504K, used 76219K [0x0000000080000000, 0x0000000100000000)
  region size 1024K, 6 young (6144K), 6 survivors (6144K)
 Metaspace       used 88948K, committed 89536K, reserved 1130496K
  class space    used 12083K, committed 12352K, reserved 1048576K
}
Event: 7.400 GC heap before
{Heap before GC invocations=31 (full 0):
 garbage-first heap   total 149504K, used 119227K [0x0000000080000000, 0x0000000100000000)
  region size 1024K, 48 young (49152K), 6 survivors (6144K)
 Metaspace       used 93134K, committed 93760K, reserved 1130496K
  class space    used 12630K, committed 12928K, reserved 1048576K
}
Event: 7.406 GC heap after
{Heap after GC invocations=32 (full 0):
 garbage-first heap   total 149504K, used 80994K [0x0000000080000000, 0x0000000100000000)
  region size 1024K, 5 young (5120K), 5 survivors (5120K)
 Metaspace       used 93134K, committed 93760K, reserved 1130496K
  class space    used 12630K, committed 12928K, reserved 1048576K
}
Event: 7.417 GC heap before
{Heap before GC invocations=32 (full 0):
 garbage-first heap   total 149504K, used 83042K [0x0000000080000000, 0x0000000100000000)
  region size 1024K, 7 young (7168K), 5 survivors (5120K)
 Metaspace       used 93150K, committed 93824K, reserved 1130496K
  class space    used 12632K, committed 12928K, reserved 1048576K
}

Dll operation events (2 events):
Event: 0.005 Loaded shared library E:\Android\Android_Studio\jbr\bin\java.dll
Event: 0.325 Loaded shared library E:\Android\Android_Studio\jbr\bin\verify.dll

Deoptimization events (20 events):
Event: 7.369 Thread 0x0000023ae0862370 Uncommon trap: trap_request=0xffffffc6 fr.pc=0x0000023accb8d350 relative=0x0000000000000450
Event: 7.369 Thread 0x0000023ae0862370 Uncommon trap: reason=bimorphic_or_optimized_type_check action=maybe_recompile pc=0x0000023accb8d350 method=java.util.Spliterators$IteratorSpliterator.tryAdvance(Ljava/util/function/Consumer;)Z @ 50 c2
Event: 7.369 Thread 0x0000023ae0862370 DEOPT PACKING pc=0x0000023accb8d350 sp=0x0000005339ffb430
Event: 7.369 Thread 0x0000023ae0862370 DEOPT UNPACKING pc=0x0000023acc2d69a3 sp=0x0000005339ffb3d0 mode 2
Event: 7.377 Thread 0x0000023ae0862370 Uncommon trap: trap_request=0xffffff45 fr.pc=0x0000023accd1c040 relative=0x0000000000000600
Event: 7.377 Thread 0x0000023ae0862370 Uncommon trap: reason=unstable_if action=reinterpret pc=0x0000023accd1c040 method=java.util.HashMap$HashIterator.<init>(Ljava/util/HashMap;)V @ 45 c2
Event: 7.377 Thread 0x0000023ae0862370 DEOPT PACKING pc=0x0000023accd1c040 sp=0x0000005339ffbc30
Event: 7.377 Thread 0x0000023ae0862370 DEOPT UNPACKING pc=0x0000023acc2d69a3 sp=0x0000005339ffbac0 mode 2
Event: 7.378 Thread 0x0000023ae0862370 Uncommon trap: trap_request=0xffffff45 fr.pc=0x0000023accd313e0 relative=0x0000000000000060
Event: 7.378 Thread 0x0000023ae0862370 Uncommon trap: reason=unstable_if action=reinterpret pc=0x0000023accd313e0 method=java.lang.Class.getComponentType()Ljava/lang/Class; @ 4 c2
Event: 7.378 Thread 0x0000023ae0862370 DEOPT PACKING pc=0x0000023accd313e0 sp=0x0000005339ffaad0
Event: 7.378 Thread 0x0000023ae0862370 DEOPT UNPACKING pc=0x0000023acc2d69a3 sp=0x0000005339ffaa60 mode 2
Event: 7.381 Thread 0x0000023ae0862370 Uncommon trap: trap_request=0xffffffc6 fr.pc=0x0000023accdbeda0 relative=0x0000000000002500
Event: 7.381 Thread 0x0000023ae0862370 Uncommon trap: reason=bimorphic_or_optimized_type_check action=maybe_recompile pc=0x0000023accdbeda0 method=org.codehaus.groovy.runtime.metaclass.MetaMethodIndex.isOverridden(Lgroovy/lang/MetaMethod;Lgroovy/lang/MetaMethod;)Z @ 37 c2
Event: 7.381 Thread 0x0000023ae0862370 DEOPT PACKING pc=0x0000023accdbeda0 sp=0x0000005339ff89f0
Event: 7.381 Thread 0x0000023ae0862370 DEOPT UNPACKING pc=0x0000023acc2d69a3 sp=0x0000005339ff8998 mode 2
Event: 7.382 Thread 0x0000023ae0862370 Uncommon trap: trap_request=0xffffff45 fr.pc=0x0000023accdc09a0 relative=0x0000000000004100
Event: 7.382 Thread 0x0000023ae0862370 Uncommon trap: reason=unstable_if action=reinterpret pc=0x0000023accdc09a0 method=org.codehaus.groovy.runtime.metaclass.MetaMethodIndex.isOverridden(Lgroovy/lang/MetaMethod;Lgroovy/lang/MetaMethod;)Z @ 33 c2
Event: 7.382 Thread 0x0000023ae0862370 DEOPT PACKING pc=0x0000023accdc09a0 sp=0x0000005339ff89f0
Event: 7.382 Thread 0x0000023ae0862370 DEOPT UNPACKING pc=0x0000023acc2d69a3 sp=0x0000005339ff8998 mode 2

Classes unloaded (0 events):
No events

Classes redefined (0 events):
No events

Internal exceptions (20 events):
Event: 7.214 Thread 0x0000023ae0862370 Implicit null exception at 0x0000023acca0bdf2 to 0x0000023acca0c3bc
Event: 7.384 Thread 0x0000023ae0862370 Exception <a 'java/lang/ClassNotFoundException'{0x0000000086a7f9d0}: com/google/common/collect/RegularImmutableListBeanInfo> (0x0000000086a7f9d0) 
thrown [s\src\hotspot\share\classfile\systemDictionary.cpp, line 256]
Event: 7.384 Thread 0x0000023ae0862370 Exception <a 'java/lang/ClassNotFoundException'{0x0000000086a8a188}: com/google/common/collect/ImmutableListBeanInfo> (0x0000000086a8a188) 
thrown [s\src\hotspot\share\classfile\systemDictionary.cpp, line 256]
Event: 7.384 Thread 0x0000023ae0862370 Exception <a 'java/lang/ClassNotFoundException'{0x0000000086a94748}: com/google/common/collect/ImmutableCollectionBeanInfo> (0x0000000086a94748) 
thrown [s\src\hotspot\share\classfile\systemDictionary.cpp, line 256]
Event: 7.384 Thread 0x0000023ae0862370 Exception <a 'java/lang/ClassNotFoundException'{0x0000000086a9a248}: java/util/AbstractCollectionBeanInfo> (0x0000000086a9a248) 
thrown [s\src\hotspot\share\classfile\systemDictionary.cpp, line 256]
Event: 7.385 Thread 0x0000023ae0862370 Exception <a 'java/lang/ClassNotFoundException'{0x0000000086a9fd18}: java/util/AbstractCollectionCustomizer> (0x0000000086a9fd18) 
thrown [s\src\hotspot\share\classfile\systemDictionary.cpp, line 256]
Event: 7.385 Thread 0x0000023ae0862370 Exception <a 'java/lang/ClassNotFoundException'{0x0000000086ab36c0}: com/google/common/collect/ImmutableCollectionCustomizer> (0x0000000086ab36c0) 
thrown [s\src\hotspot\share\classfile\systemDictionary.cpp, line 256]
Event: 7.386 Thread 0x0000023ae0862370 Exception <a 'java/lang/ClassNotFoundException'{0x0000000086accf68}: com/google/common/collect/ImmutableListCustomizer> (0x0000000086accf68) 
thrown [s\src\hotspot\share\classfile\systemDictionary.cpp, line 256]
Event: 7.387 Thread 0x0000023ae0862370 Exception <a 'java/lang/ClassNotFoundException'{0x000000008690f9b0}: com/google/common/collect/RegularImmutableListCustomizer> (0x000000008690f9b0) 
thrown [s\src\hotspot\share\classfile\systemDictionary.cpp, line 256]
Event: 7.412 Thread 0x0000023ae0862370 Exception <a 'java/lang/ClassNotFoundException'{0x000000008c910c10}: com/android/build/gradle/tasks/sync/ApplicationVariantModelTask_DecoratedBeanInfo> (0x000000008c910c10) 
thrown [s\src\hotspot\share\classfile\systemDictionary.cpp, line 256]
Event: 7.412 Thread 0x0000023ae0862370 Exception <a 'java/lang/ClassNotFoundException'{0x000000008c91cac0}: com/android/build/gradle/tasks/sync/ApplicationVariantModelTaskBeanInfo> (0x000000008c91cac0) 
thrown [s\src\hotspot\share\classfile\systemDictionary.cpp, line 256]
Event: 7.413 Thread 0x0000023ae0862370 Exception <a 'java/lang/ClassNotFoundException'{0x000000008c929b08}: com/android/build/gradle/tasks/sync/ModuleVariantModelTaskBeanInfo> (0x000000008c929b08) 
thrown [s\src\hotspot\share\classfile\systemDictionary.cpp, line 256]
Event: 7.413 Thread 0x0000023ae0862370 Exception <a 'java/lang/ClassNotFoundException'{0x000000008c936930}: com/android/build/gradle/tasks/sync/AbstractVariantModelTaskBeanInfo> (0x000000008c936930) 
thrown [s\src\hotspot\share\classfile\systemDictionary.cpp, line 256]
Event: 7.414 Thread 0x0000023ae0862370 Exception <a 'java/lang/ClassNotFoundException'{0x000000008c943a48}: com/android/build/gradle/internal/tasks/NonIncrementalTaskBeanInfo> (0x000000008c943a48) 
thrown [s\src\hotspot\share\classfile\systemDictionary.cpp, line 256]
Event: 7.414 Thread 0x0000023ae0862370 Exception <a 'java/lang/ClassNotFoundException'{0x000000008c950d80}: com/android/build/gradle/internal/tasks/AndroidVariantTaskBeanInfo> (0x000000008c950d80) 
thrown [s\src\hotspot\share\classfile\systemDictionary.cpp, line 256]
Event: 7.414 Thread 0x0000023ae0862370 Exception <a 'java/lang/ClassNotFoundException'{0x000000008c95dd80}: com/android/build/gradle/internal/tasks/BaseTaskBeanInfo> (0x000000008c95dd80) 
thrown [s\src\hotspot\share\classfile\systemDictionary.cpp, line 256]
Event: 7.415 Thread 0x0000023ae0862370 Exception <a 'java/lang/ClassNotFoundException'{0x000000008c9693d0}: org/gradle/api/DefaultTaskBeanInfo> (0x000000008c9693d0) 
thrown [s\src\hotspot\share\classfile\systemDictionary.cpp, line 256]
Event: 7.415 Thread 0x0000023ae0862370 Exception <a 'java/lang/ClassNotFoundException'{0x000000008c974cb0}: org/gradle/api/internal/AbstractTaskBeanInfo> (0x000000008c974cb0) 
thrown [s\src\hotspot\share\classfile\systemDictionary.cpp, line 256]
Event: 7.415 Thread 0x0000023ae0862370 Exception <a 'java/lang/ClassNotFoundException'{0x000000008c980570}: org/gradle/api/internal/AbstractTaskCustomizer> (0x000000008c980570) 
thrown [s\src\hotspot\share\classfile\systemDictionary.cpp, line 256]
Event: 7.417 Thread 0x0000023ae0862370 Exception <a 'java/lang/ClassNotFoundException'{0x000000008c9dd720}: org/gradle/api/DefaultTaskCustomizer> (0x000000008c9dd720) 
thrown [s\src\hotspot\share\classfile\systemDictionary.cpp, line 256]

VM Operations (20 events):
Event: 7.089 Executing VM operation: HandshakeAllThreads done
Event: 7.089 Executing VM operation: HandshakeAllThreads
Event: 7.090 Executing VM operation: HandshakeAllThreads done
Event: 7.103 Executing VM operation: HandshakeAllThreads
Event: 7.103 Executing VM operation: HandshakeAllThreads done
Event: 7.106 Executing VM operation: HandshakeAllThreads
Event: 7.106 Executing VM operation: HandshakeAllThreads done
Event: 7.119 Executing VM operation: HandshakeAllThreads
Event: 7.119 Executing VM operation: HandshakeAllThreads done
Event: 7.216 Executing VM operation: ICBufferFull
Event: 7.217 Executing VM operation: ICBufferFull done
Event: 7.262 Executing VM operation: HandshakeAllThreads
Event: 7.262 Executing VM operation: HandshakeAllThreads done
Event: 7.370 Executing VM operation: ICBufferFull
Event: 7.371 Executing VM operation: ICBufferFull done
Event: 7.388 Executing VM operation: HandshakeAllThreads
Event: 7.388 Executing VM operation: HandshakeAllThreads done
Event: 7.400 Executing VM operation: G1CollectForAllocation
Event: 7.406 Executing VM operation: G1CollectForAllocation done
Event: 7.417 Executing VM operation: G1CollectForAllocation

Events (20 events):
Event: 7.141 loading class sun/net/InetAddressCachePolicy$2
Event: 7.141 loading class sun/net/InetAddressCachePolicy$2 done
Event: 7.141 loading class java/net/InetAddress$CachedAddresses
Event: 7.141 loading class java/net/InetAddress$CachedAddresses done
Event: 7.141 loading class java/net/InetAddress$CachedLocalHost
Event: 7.142 loading class java/net/InetAddress$CachedLocalHost done
Event: 7.372 loading class java/util/IdentityHashMap$KeyIterator
Event: 7.372 loading class java/util/IdentityHashMap$IdentityHashMapIterator
Event: 7.372 loading class java/util/IdentityHashMap$IdentityHashMapIterator done
Event: 7.372 loading class java/util/IdentityHashMap$KeyIterator done
Event: 7.384 loading class java/util/AbstractCollectionBeanInfo
Event: 7.384 loading class java/util/AbstractCollectionBeanInfo done
Event: 7.384 loading class java/util/AbstractCollectionBeanInfo
Event: 7.384 loading class java/util/AbstractCollectionBeanInfo done
Event: 7.384 loading class java/util/AbstractCollectionCustomizer
Event: 7.384 loading class java/util/AbstractCollectionCustomizer done
Event: 7.385 loading class java/util/AbstractCollectionCustomizer
Event: 7.385 loading class java/util/AbstractCollectionCustomizer done
Event: 7.385 loading class sun/reflect/generics/reflectiveObjects/GenericArrayTypeImpl
Event: 7.385 loading class sun/reflect/generics/reflectiveObjects/GenericArrayTypeImpl done


Dynamic libraries:
0x00007ff791bb0000 - 0x00007ff791bba000 	E:\Android\Android_Studio\jbr\bin\java.exe
0x00007fff8ceb0000 - 0x00007fff8d0c7000 	C:\WINDOWS\SYSTEM32\ntdll.dll
0x00007fff8c320000 - 0x00007fff8c3e4000 	C:\WINDOWS\System32\KERNEL32.DLL
0x00007fff8a850000 - 0x00007fff8abf5000 	C:\WINDOWS\System32\KERNELBASE.dll
0x00007fff8a250000 - 0x00007fff8a361000 	C:\WINDOWS\System32\ucrtbase.dll
0x00007fff610e0000 - 0x00007fff610f7000 	E:\Android\Android_Studio\jbr\bin\jli.dll
0x00007fff83d30000 - 0x00007fff83d4b000 	E:\Android\Android_Studio\jbr\bin\VCRUNTIME140.dll
0x00007fff8b300000 - 0x00007fff8b4ae000 	C:\WINDOWS\System32\USER32.dll
0x00007fff8a220000 - 0x00007fff8a246000 	C:\WINDOWS\System32\win32u.dll
0x00007fff6c100000 - 0x00007fff6c393000 	C:\WINDOWS\WinSxS\amd64_microsoft.windows.common-controls_6595b64144ccf1df_6.0.22621.2506_none_270c5ae97388e100\COMCTL32.dll
0x00007fff8c180000 - 0x00007fff8c1a9000 	C:\WINDOWS\System32\GDI32.dll
0x00007fff8cb10000 - 0x00007fff8cbb7000 	C:\WINDOWS\System32\msvcrt.dll
0x00007fff8a3e0000 - 0x00007fff8a4f9000 	C:\WINDOWS\System32\gdi32full.dll
0x00007fff8a500000 - 0x00007fff8a59a000 	C:\WINDOWS\System32\msvcp_win.dll
0x00007fff8c140000 - 0x00007fff8c171000 	C:\WINDOWS\System32\IMM32.DLL
0x00007fff856a0000 - 0x00007fff856ac000 	E:\Android\Android_Studio\jbr\bin\vcruntime140_1.dll
0x00007fff53f90000 - 0x00007fff5401d000 	E:\Android\Android_Studio\jbr\bin\msvcp140.dll
0x00007fff3c1a0000 - 0x00007fff3ce0e000 	E:\Android\Android_Studio\jbr\bin\server\jvm.dll
0x00007fff8c870000 - 0x00007fff8c921000 	C:\WINDOWS\System32\ADVAPI32.dll
0x00007fff8cc10000 - 0x00007fff8ccb6000 	C:\WINDOWS\System32\sechost.dll
0x00007fff8acb0000 - 0x00007fff8adc7000 	C:\WINDOWS\System32\RPCRT4.dll
0x00007fff83cb0000 - 0x00007fff83ce4000 	C:\WINDOWS\SYSTEM32\WINMM.dll
0x00007fff832c0000 - 0x00007fff832ca000 	C:\WINDOWS\SYSTEM32\VERSION.dll
0x00007fff856d0000 - 0x00007fff856d9000 	C:\WINDOWS\SYSTEM32\WSOCK32.dll
0x00007fff8ac30000 - 0x00007fff8aca1000 	C:\WINDOWS\System32\WS2_32.dll
0x00007fff89310000 - 0x00007fff89328000 	C:\WINDOWS\SYSTEM32\kernel.appcore.dll
0x00007fff85690000 - 0x00007fff8569a000 	E:\Android\Android_Studio\jbr\bin\jimage.dll
0x00007fff87610000 - 0x00007fff87843000 	C:\WINDOWS\SYSTEM32\DBGHELP.DLL
0x00007fff8add0000 - 0x00007fff8b159000 	C:\WINDOWS\System32\combase.dll
0x00007fff8b160000 - 0x00007fff8b237000 	C:\WINDOWS\System32\OLEAUT32.dll
0x00007fff79420000 - 0x00007fff79452000 	C:\WINDOWS\SYSTEM32\dbgcore.DLL
0x00007fff8a710000 - 0x00007fff8a78a000 	C:\WINDOWS\System32\bcryptPrimitives.dll
0x00007fff83db0000 - 0x00007fff83dd5000 	E:\Android\Android_Studio\jbr\bin\java.dll
0x00007fff83eb0000 - 0x00007fff83ec8000 	E:\Android\Android_Studio\jbr\bin\zip.dll
0x00007fff8b720000 - 0x00007fff8bf79000 	C:\WINDOWS\System32\SHELL32.dll
0x00007fff87ff0000 - 0x00007fff888e4000 	C:\WINDOWS\SYSTEM32\windows.storage.dll
0x00007fff88910000 - 0x00007fff88a4e000 	C:\WINDOWS\SYSTEM32\wintypes.dll
0x00007fff8b600000 - 0x00007fff8b6f3000 	C:\WINDOWS\System32\SHCORE.dll
0x00007fff8b530000 - 0x00007fff8b58e000 	C:\WINDOWS\System32\shlwapi.dll
0x00007fff8a150000 - 0x00007fff8a176000 	C:\WINDOWS\SYSTEM32\profapi.dll
0x00007fff83d90000 - 0x00007fff83da9000 	E:\Android\Android_Studio\jbr\bin\net.dll
0x00007fff83920000 - 0x00007fff83a57000 	C:\WINDOWS\SYSTEM32\WINHTTP.dll
0x00007fff89790000 - 0x00007fff897f9000 	C:\WINDOWS\system32\mswsock.dll
0x00007fff6eeb0000 - 0x00007fff6eec6000 	E:\Android\Android_Studio\jbr\bin\nio.dll
0x00007fff85680000 - 0x00007fff85690000 	E:\Android\Android_Studio\jbr\bin\verify.dll
0x00007fff574a0000 - 0x00007fff574c7000 	C:\Users\adrsa\.gradle\native\68d5fa5c4cc2d200863cafc0d521ce42e7d3e7ee720ec0a83991735586a16f82\windows-amd64\native-platform.dll
0x00007fff39a90000 - 0x00007fff39bd4000 	C:\Users\adrsa\.gradle\native\e376f236ea51e6404a007f0833ffe2c6e607c4080706a723a18a27aeea778392\windows-amd64\native-platform-file-events.dll
0x00007fff85610000 - 0x00007fff85619000 	E:\Android\Android_Studio\jbr\bin\management.dll
0x00007fff6eea0000 - 0x00007fff6eeab000 	E:\Android\Android_Studio\jbr\bin\management_ext.dll
0x00007fff8b2f0000 - 0x00007fff8b2f8000 	C:\WINDOWS\System32\PSAPI.DLL
0x00007fff899f0000 - 0x00007fff89a0b000 	C:\WINDOWS\SYSTEM32\CRYPTSP.dll
0x00007fff89270000 - 0x00007fff892a5000 	C:\WINDOWS\system32\rsaenh.dll
0x00007fff89880000 - 0x00007fff898ac000 	C:\WINDOWS\SYSTEM32\USERENV.dll
0x00007fff89bb0000 - 0x00007fff89bd8000 	C:\WINDOWS\SYSTEM32\bcrypt.dll
0x00007fff899e0000 - 0x00007fff899ec000 	C:\WINDOWS\SYSTEM32\CRYPTBASE.dll
0x00007fff88d20000 - 0x00007fff88d4d000 	C:\WINDOWS\SYSTEM32\IPHLPAPI.DLL
0x00007fff8ac20000 - 0x00007fff8ac29000 	C:\WINDOWS\System32\NSI.dll
0x00007fff83770000 - 0x00007fff83789000 	C:\WINDOWS\SYSTEM32\dhcpcsvc6.DLL
0x00007fff83750000 - 0x00007fff8376f000 	C:\WINDOWS\SYSTEM32\dhcpcsvc.DLL
0x00007fff88d90000 - 0x00007fff88e89000 	C:\WINDOWS\SYSTEM32\DNSAPI.dll
0x00007fff644e0000 - 0x00007fff644e8000 	C:\WINDOWS\system32\wshunix.dll
0x00007fff40310000 - 0x00007fff40327000 	C:\WINDOWS\system32\napinsp.dll
0x00007fff402f0000 - 0x00007fff4030b000 	C:\WINDOWS\system32\pnrpnsp.dll
0x00007fff402d0000 - 0x00007fff402e1000 	C:\WINDOWS\System32\winrnr.dll
0x00007fff61310000 - 0x00007fff61325000 	C:\WINDOWS\system32\wshbth.dll
0x00007fff402a0000 - 0x00007fff402c1000 	C:\WINDOWS\system32\nlansp_c.dll
0x00007fff7f020000 - 0x00007fff7f02a000 	C:\Windows\System32\rasadhlp.dll
0x00007fff82a20000 - 0x00007fff82aa3000 	C:\WINDOWS\System32\fwpuclnt.dll

dbghelp: loaded successfully - version: 4.0.5 - missing functions: none
symbol engine: initialized successfully - sym options: 0x614 - pdb path: .;E:\Android\Android_Studio\jbr\bin;C:\WINDOWS\SYSTEM32;C:\WINDOWS\WinSxS\amd64_microsoft.windows.common-controls_6595b64144ccf1df_6.0.22621.2506_none_270c5ae97388e100;E:\Android\Android_Studio\jbr\bin\server;C:\Users\adrsa\.gradle\native\68d5fa5c4cc2d200863cafc0d521ce42e7d3e7ee720ec0a83991735586a16f82\windows-amd64;C:\Users\adrsa\.gradle\native\e376f236ea51e6404a007f0833ffe2c6e607c4080706a723a18a27aeea778392\windows-amd64

VM Arguments:
jvm_args: --add-opens=java.base/java.util=ALL-UNNAMED --add-opens=java.base/java.lang=ALL-UNNAMED --add-opens=java.base/java.lang.invoke=ALL-UNNAMED --add-opens=java.prefs/java.util.prefs=ALL-UNNAMED --add-opens=java.base/java.nio.charset=ALL-UNNAMED --add-opens=java.base/java.net=ALL-UNNAMED --add-opens=java.base/java.util.concurrent.atomic=ALL-UNNAMED -Xmx2048m -Dfile.encoding=UTF-8 -Duser.country=ES -Duser.language=es -Duser.variant 
java_command: org.gradle.launcher.daemon.bootstrap.GradleDaemon 8.0
java_class_path (initial): C:\Users\adrsa\.gradle\wrapper\dists\gradle-8.0-bin\ca5e32bp14vu59qr306oxotwh\gradle-8.0\lib\gradle-launcher-8.0.jar
Launcher Type: SUN_STANDARD

[Global flags]
     intx CICompilerCount                          = 12                                        {product} {ergonomic}
     uint ConcGCThreads                            = 3                                         {product} {ergonomic}
     uint G1ConcRefinementThreads                  = 13                                        {product} {ergonomic}
   size_t G1HeapRegionSize                         = 1048576                                   {product} {ergonomic}
    uintx GCDrainStackTargetSize                   = 64                                        {product} {ergonomic}
   size_t InitialHeapSize                          = 257949696                                 {product} {ergonomic}
   size_t MarkStackSize                            = 4194304                                   {product} {ergonomic}
   size_t MaxHeapSize                              = 2147483648                                {product} {command line}
   size_t MaxNewSize                               = 1287651328                                {product} {ergonomic}
   size_t MinHeapDeltaBytes                        = 1048576                                   {product} {ergonomic}
   size_t MinHeapSize                              = 8388608                                   {product} {ergonomic}
    uintx NonNMethodCodeHeapSize                   = 7602480                                {pd product} {ergonomic}
    uintx NonProfiledCodeHeapSize                  = 122027880                              {pd product} {ergonomic}
    uintx ProfiledCodeHeapSize                     = 122027880                              {pd product} {ergonomic}
    uintx ReservedCodeCacheSize                    = 251658240                              {pd product} {ergonomic}
     bool SegmentedCodeCache                       = true                                      {product} {ergonomic}
   size_t SoftMaxHeapSize                          = 2147483648                             {manageable} {ergonomic}
     bool UseCompressedClassPointers               = true                           {product lp64_product} {ergonomic}
     bool UseCompressedOops                        = true                           {product lp64_product} {ergonomic}
     bool UseG1GC                                  = true                                      {product} {ergonomic}
     bool UseLargePagesIndividualAllocation        = false                                  {pd product} {ergonomic}

Logging:
Log output configuration:
 #0: stdout all=warning uptime,level,tags
 #1: stderr all=off uptime,level,tags

Environment Variables:
PATH=C:\Program Files (x86)\Common Files\Oracle\Java\javapath;C:\oraclexe\app\oracle\product\10.2.0\server\bin;C:\WINDOWS\system32;C:\WINDOWS;C:\WINDOWS\System32\Wbem;C:\WINDOWS\System32\WindowsPowerShell\v1.0\;C:\WINDOWS\System32\OpenSSH\;C:\Program Files\AutoFirma\AutoFirma;C:\Program Files\Git\cmd;C:\Program Files\NVIDIA Corporation\NVIDIA NvDLISR;C:\Program Files\dotnet\;C:\Program Files (x86)\NVIDIA Corporation\PhysX\Common;C:\Program Files\Microsoft SQL Server\150\Tools\Binn\;C:\Program Files\Microsoft SQL Server\Client SDK\ODBC\170\Tools\Binn\;C:\Program Files (x86)\Windows Kits\10\Windows Performance Toolkit\;C:\Users\adrsa\AppData\Local\Microsoft\WindowsApps;E:\Microsoft VS Code\bin;C:\Users\adrsa\.dotnet\tools;C:\Users\adrsa\AppData\Local\GitHubDesktop\bin;E:\JetBrains\IntelliJ IDEA Community Edition 2023.2.3\bin;
USERNAME=adrsa
OS=Windows_NT
PROCESSOR_IDENTIFIER=AMD64 Family 25 Model 80 Stepping 0, AuthenticAMD
TMP=C:\Users\adrsa\AppData\Local\Temp
TEMP=C:\Users\adrsa\AppData\Local\Temp


JNI global refs:
JNI global refs: 34, weak refs: 0

JNI global refs memory usage: 843, weak refs: 841


---------------  S Y S T E M  ---------------

OS:
 Windows 11 , 64 bit Build 22621 (10.0.22621.2506)
OS uptime: 0 days 4:25 hours

CPU: total 16 (initial active 16) (16 cores per cpu, 2 threads per core) family 25 model 80 stepping 0 microcode 0x0, cx8, cmov, fxsr, ht, mmx, 3dnowpref, sse, sse2, sse3, ssse3, sse4a, sse4.1, sse4.2, popcnt, lzcnt, tsc, tscinvbit, avx, avx2, aes, erms, clmul, bmi1, bmi2, adx, sha, fma, vzeroupper, clflush, clflushopt

Memory: 4k page, system-wide physical 15713M (3566M free)
TotalPageFile size 17761M (AvailPageFile size 26M)
current process WorkingSet (physical memory assigned to process): 414M, peak: 414M
current process commit charge ("private bytes"): 464M, peak: 509M

vm_info: OpenJDK 64-Bit Server VM (17.0.6+0-b2043.56-10027231) for windows-amd64 JRE (17.0.6+0-b2043.56-10027231), built on Apr 28 2023 00:43:19 by "androidbuild" with MS VC++ 16.10 / 16.11 (VS2019)

END.
